2020-04-15 09:10:22.512: http://www.momxs.com/mom.asp?id=13351 System.Net.WebException: 操作已超时。
   在 System.Net.ConnectStream.Read(Byte[] buffer, Int32 offset, Int32 size)
   在 System.IO.StreamReader.ReadBuffer(Char[] userBuffer, Int32 userOffset, Int32 desiredChars, Boolean& readToUserBuffer)
   在 System.IO.StreamReader.Read(Char[] buffer, Int32 index, Int32 count)
   在 网上抓书.HttpUtil.GetWebContent(String url, Encoding encoding) 位置 D:\CSharp\网上抓书\网上抓书\HttpUtil.cs:行号 36
2020-04-15 09:18:11.736: http://www.momxs.com/momx.asp?bid=14279&id=1520597 System.Net.WebException: 操作已超时。
   在 System.Net.ConnectStream.Read(Byte[] buffer, Int32 offset, Int32 size)
   在 System.IO.StreamReader.ReadBuffer(Char[] userBuffer, Int32 userOffset, Int32 desiredChars, Boolean& readToUserBuffer)
   在 System.IO.StreamReader.Read(Char[] buffer, Int32 index, Int32 count)
   在 网上抓书.HttpUtil.GetWebContent(String url, Encoding encoding) 位置 D:\CSharp\网上抓书\网上抓书\HttpUtil.cs:行号 36
2020-04-15 09:22:15.462: http://www.momxs.com/momx.asp?bid=11130&id=1191683 System.Net.WebException: 操作超时
   在 System.Net.HttpWebRequest.GetResponse()
   在 网上抓书.HttpUtil.GetWebContent(String url, Encoding encoding) 位置 D:\CSharp\网上抓书\网上抓书\HttpUtil.cs:行号 29
2020-04-15 09:24:27.549: http://www.momxs.com/momxs.asp?id=1506268 System.Net.WebException: 请求被中止: 操作超时。
   在 System.Net.HttpWebRequest.GetResponse()
   在 网上抓书.HttpUtil.GetWebContent(String url, Encoding encoding) 位置 D:\CSharp\网上抓书\网上抓书\HttpUtil.cs:行号 29
2020-04-15 09:32:37.265: http://www.momxs.com/momx.asp?bid=14089&id=1508972 System.Net.WebException: 请求被中止: 操作超时。
   在 System.Net.HttpWebRequest.GetResponse()
   在 网上抓书.HttpUtil.GetWebContent(String url, Encoding encoding) 位置 D:\CSharp\网上抓书\网上抓书\HttpUtil.cs:行号 29
2020-04-15 09:41:21.223: http://www.momxs.com/momxs.asp?id=5279944 System.Net.WebException: 操作已超时。
   在 System.Net.ConnectStream.Read(Byte[] buffer, Int32 offset, Int32 size)
   在 System.IO.StreamReader.ReadBuffer(Char[] userBuffer, Int32 userOffset, Int32 desiredChars, Boolean& readToUserBuffer)
   在 System.IO.StreamReader.Read(Char[] buffer, Int32 index, Int32 count)
   在 网上抓书.HttpUtil.GetWebContent(String url, Encoding encoding) 位置 D:\CSharp\网上抓书\网上抓书\HttpUtil.cs:行号 36
2020-04-15 09:41:34.713: http://www.momxs.com/mom.asp?id=13439 System.Net.WebException: 操作已超时。
   在 System.Net.ConnectStream.Read(Byte[] buffer, Int32 offset, Int32 size)
   在 System.IO.StreamReader.ReadBuffer(Char[] userBuffer, Int32 userOffset, Int32 desiredChars, Boolean& readToUserBuffer)
   在 System.IO.StreamReader.Read(Char[] buffer, Int32 index, Int32 count)
   在 网上抓书.HttpUtil.GetWebContent(String url, Encoding encoding) 位置 D:\CSharp\网上抓书\网上抓书\HttpUtil.cs:行号 36
2020-04-15 09:43:15.929: http://www.momxs.com/momx.asp?bid=13889&id=1504424 System.Net.WebException: 操作已超时。
   在 System.Net.ConnectStream.Read(Byte[] buffer, Int32 offset, Int32 size)
   在 System.IO.StreamReader.ReadBuffer(Char[] userBuffer, Int32 userOffset, Int32 desiredChars, Boolean& readToUserBuffer)
   在 System.IO.StreamReader.Read(Char[] buffer, Int32 index, Int32 count)
   在 网上抓书.HttpUtil.GetWebContent(String url, Encoding encoding) 位置 D:\CSharp\网上抓书\网上抓书\HttpUtil.cs:行号 36
2020-04-15 09:51:28.320: http://www.momxs.com/momxs.asp?id=1433782 System.Net.WebException: 操作已超时。
   在 System.Net.ConnectStream.Read(Byte[] buffer, Int32 offset, Int32 size)
   在 System.IO.StreamReader.ReadBuffer(Char[] userBuffer, Int32 userOffset, Int32 desiredChars, Boolean& readToUserBuffer)
   在 System.IO.StreamReader.Read(Char[] buffer, Int32 index, Int32 count)
   在 网上抓书.HttpUtil.GetWebContent(String url, Encoding encoding) 位置 D:\CSharp\网上抓书\网上抓书\HttpUtil.cs:行号 36
2020-04-15 09:55:48.283: http://www.momxs.com/momx.asp?bid=11160&id=1192909 System.Net.WebException: 操作已超时。
   在 System.Net.ConnectStream.Read(Byte[] buffer, Int32 offset, Int32 size)
   在 System.IO.StreamReader.ReadBuffer(Char[] userBuffer, Int32 userOffset, Int32 desiredChars, Boolean& readToUserBuffer)
   在 System.IO.StreamReader.Read(Char[] buffer, Int32 index, Int32 count)
   在 网上抓书.HttpUtil.GetWebContent(String url, Encoding encoding) 位置 D:\CSharp\网上抓书\网上抓书\HttpUtil.cs:行号 36
2020-04-15 10:12:45.429: http://www.momxs.com/mom.asp?id=14185 System.Net.WebException: 操作已超时。
   在 System.Net.ConnectStream.Read(Byte[] buffer, Int32 offset, Int32 size)
   在 System.IO.StreamReader.ReadBuffer(Char[] userBuffer, Int32 userOffset, Int32 desiredChars, Boolean& readToUserBuffer)
   在 System.IO.StreamReader.Read(Char[] buffer, Int32 index, Int32 count)
   在 网上抓书.HttpUtil.GetWebContent(String url, Encoding encoding) 位置 D:\CSharp\网上抓书\网上抓书\HttpUtil.cs:行号 36
2020-04-15 10:16:45.193: http://www.momxs.com/momx.asp?bid=13895&id=1504497 System.Net.WebException: 操作已超时。
   在 System.Net.ConnectStream.Read(Byte[] buffer, Int32 offset, Int32 size)
   在 System.IO.StreamReader.ReadBuffer(Char[] userBuffer, Int32 userOffset, Int32 desiredChars, Boolean& readToUserBuffer)
   在 System.IO.StreamReader.Read(Char[] buffer, Int32 index, Int32 count)
   在 网上抓书.HttpUtil.GetWebContent(String url, Encoding encoding) 位置 D:\CSharp\网上抓书\网上抓书\HttpUtil.cs:行号 36
2020-04-15 10:19:50.822: http://www.momxs.com/momxs.asp?id=1511362 System.Net.WebException: 操作已超时。
   在 System.Net.ConnectStream.Read(Byte[] buffer, Int32 offset, Int32 size)
   在 System.IO.StreamReader.ReadBuffer(Char[] userBuffer, Int32 userOffset, Int32 desiredChars, Boolean& readToUserBuffer)
   在 System.IO.StreamReader.Read(Char[] buffer, Int32 index, Int32 count)
   在 网上抓书.HttpUtil.GetWebContent(String url, Encoding encoding) 位置 D:\CSharp\网上抓书\网上抓书\HttpUtil.cs:行号 36
2020-04-15 10:21:49.332: http://www.momxs.com/momxs.asp?id=1194152 System.Net.WebException: 操作已超时。
   在 System.Net.ConnectStream.Read(Byte[] buffer, Int32 offset, Int32 size)
   在 System.IO.StreamReader.ReadBuffer(Char[] userBuffer, Int32 userOffset, Int32 desiredChars, Boolean& readToUserBuffer)
   在 System.IO.StreamReader.Read(Char[] buffer, Int32 index, Int32 count)
   在 网上抓书.HttpUtil.GetWebContent(String url, Encoding encoding) 位置 D:\CSharp\网上抓书\网上抓书\HttpUtil.cs:行号 36
2020-04-15 10:24:37.156: http://www.momxs.com/momxs.asp?id=7293291 System.Net.WebException: 操作已超时。
   在 System.Net.ConnectStream.Read(Byte[] buffer, Int32 offset, Int32 size)
   在 System.IO.StreamReader.ReadBuffer(Char[] userBuffer, Int32 userOffset, Int32 desiredChars, Boolean& readToUserBuffer)
   在 System.IO.StreamReader.Read(Char[] buffer, Int32 index, Int32 count)
   在 网上抓书.HttpUtil.GetWebContent(String url, Encoding encoding) 位置 D:\CSharp\网上抓书\网上抓书\HttpUtil.cs:行号 36
2020-04-15 11:31:06.459: http://www.momxs.com/mom.asp?id=12372 System.Net.WebException: 操作已超时。
   在 System.Net.ConnectStream.Read(Byte[] buffer, Int32 offset, Int32 size)
   在 System.IO.StreamReader.ReadBuffer(Char[] userBuffer, Int32 userOffset, Int32 desiredChars, Boolean& readToUserBuffer)
   在 System.IO.StreamReader.Read(Char[] buffer, Int32 index, Int32 count)
   在 网上抓书.HttpUtil.GetWebContent(String url, Encoding encoding) 位置 D:\CSharp\网上抓书\网上抓书\HttpUtil.cs:行号 36
2020-04-15 12:55:51.958: http://www.momxs.com/momxs.asp?id=1510751 System.Net.WebException: 操作已超时。
   在 System.Net.ConnectStream.Read(Byte[] buffer, Int32 offset, Int32 size)
   在 System.IO.StreamReader.ReadBuffer(Char[] userBuffer, Int32 userOffset, Int32 desiredChars, Boolean& readToUserBuffer)
   在 System.IO.StreamReader.Read(Char[] buffer, Int32 index, Int32 count)
   在 网上抓书.HttpUtil.GetWebContent(String url, Encoding encoding) 位置 D:\CSharp\网上抓书\网上抓书\HttpUtil.cs:行号 36
2020-04-15 13:03:49.088: http://www.momxs.com/momxs.asp?id=1193279 System.Net.WebException: 操作已超时。
   在 System.Net.ConnectStream.Read(Byte[] buffer, Int32 offset, Int32 size)
   在 System.IO.StreamReader.ReadBuffer(Char[] userBuffer, Int32 userOffset, Int32 desiredChars, Boolean& readToUserBuffer)
   在 System.IO.StreamReader.Read(Char[] buffer, Int32 index, Int32 count)
   在 网上抓书.HttpUtil.GetWebContent(String url, Encoding encoding) 位置 D:\CSharp\网上抓书\网上抓书\HttpUtil.cs:行号 36
2020-04-15 13:08:53.229: http://www.momxs.com/momxs.asp?id=1193279 System.Net.WebException: 操作已超时。
   在 System.Net.ConnectStream.Read(Byte[] buffer, Int32 offset, Int32 size)
   在 System.IO.StreamReader.ReadBuffer(Char[] userBuffer, Int32 userOffset, Int32 desiredChars, Boolean& readToUserBuffer)
   在 System.IO.StreamReader.Read(Char[] buffer, Int32 index, Int32 count)
   在 网上抓书.HttpUtil.GetWebContent(String url, Encoding encoding) 位置 D:\CSharp\网上抓书\网上抓书\HttpUtil.cs:行号 36
2020-04-15 13:15:06.917: http://www.momxs.com/momx.asp?bid=11189&id=1193289 System.Net.WebException: 操作已超时。
   在 System.Net.ConnectStream.Read(Byte[] buffer, Int32 offset, Int32 size)
   在 System.IO.StreamReader.ReadBuffer(Char[] userBuffer, Int32 userOffset, Int32 desiredChars, Boolean& readToUserBuffer)
   在 System.IO.StreamReader.Read(Char[] buffer, Int32 index, Int32 count)
   在 网上抓书.HttpUtil.GetWebContent(String url, Encoding encoding) 位置 D:\CSharp\网上抓书\网上抓书\HttpUtil.cs:行号 36
2020-04-15 13:23:05.303: http://www.momxs.com/momxs.asp?id=1193307 System.Net.WebException: 操作已超时。
   在 System.Net.ConnectStream.Read(Byte[] buffer, Int32 offset, Int32 size)
   在 System.IO.StreamReader.ReadBuffer(Char[] userBuffer, Int32 userOffset, Int32 desiredChars, Boolean& readToUserBuffer)
   在 System.IO.StreamReader.Read(Char[] buffer, Int32 index, Int32 count)
   在 网上抓书.HttpUtil.GetWebContent(String url, Encoding encoding) 位置 D:\CSharp\网上抓书\网上抓书\HttpUtil.cs:行号 36
2020-04-15 14:00:59.502: http://www.momxs.com/mom.asp?id=48528 System.Net.WebException: 无法连接到远程服务器 ---> System.Net.Sockets.SocketException: 由于连接方在一段时间后没有正确答复或连接的主机没有反应，连接尝试失败。 204.12.213.162:80
   在 System.Net.Sockets.Socket.DoConnect(EndPoint endPointSnapshot, SocketAddress socketAddress)
   在 System.Net.ServicePoint.ConnectSocketInternal(Boolean connectFailure, Socket s4, Socket s6, Socket& socket, IPAddress& address, ConnectSocketState state, IAsyncResult asyncResult, Exception& exception)
   --- 内部异常堆栈跟踪的结尾 ---
   在 System.Net.HttpWebRequest.GetResponse()
   在 网上抓书.HttpUtil.GetWebContent(String url, Encoding encoding) 位置 D:\CSharp\网上抓书\网上抓书\HttpUtil.cs:行号 29
2020-04-15 14:01:27.811: http://www.momxs.com/mom.asp?id=48528 System.Net.WebException: 无法连接到远程服务器 ---> System.Net.Sockets.SocketException: 由于连接方在一段时间后没有正确答复或连接的主机没有反应，连接尝试失败。 204.12.213.162:80
   在 System.Net.Sockets.Socket.DoConnect(EndPoint endPointSnapshot, SocketAddress socketAddress)
   在 System.Net.ServicePoint.ConnectSocketInternal(Boolean connectFailure, Socket s4, Socket s6, Socket& socket, IPAddress& address, ConnectSocketState state, IAsyncResult asyncResult, Exception& exception)
   --- 内部异常堆栈跟踪的结尾 ---
   在 System.Net.HttpWebRequest.GetResponse()
   在 网上抓书.HttpUtil.GetWebContent(String url, Encoding encoding) 位置 D:\CSharp\网上抓书\网上抓书\HttpUtil.cs:行号 29
2020-04-15 14:02:00.723: http://www.momxs.com/mom.asp?id=48528 System.Net.WebException: 无法连接到远程服务器 ---> System.Net.Sockets.SocketException: 由于连接方在一段时间后没有正确答复或连接的主机没有反应，连接尝试失败。 204.12.213.162:80
   在 System.Net.Sockets.Socket.DoConnect(EndPoint endPointSnapshot, SocketAddress socketAddress)
   在 System.Net.ServicePoint.ConnectSocketInternal(Boolean connectFailure, Socket s4, Socket s6, Socket& socket, IPAddress& address, ConnectSocketState state, IAsyncResult asyncResult, Exception& exception)
   --- 内部异常堆栈跟踪的结尾 ---
   在 System.Net.HttpWebRequest.GetResponse()
   在 网上抓书.HttpUtil.GetWebContent(String url, Encoding encoding) 位置 D:\CSharp\网上抓书\网上抓书\HttpUtil.cs:行号 29
2020-04-15 14:09:12.385: http://www.momxs.com/momxs.asp?id=6861707 System.Net.WebException: 操作已超时。
   在 System.Net.ConnectStream.Read(Byte[] buffer, Int32 offset, Int32 size)
   在 System.IO.StreamReader.ReadBuffer(Char[] userBuffer, Int32 userOffset, Int32 desiredChars, Boolean& readToUserBuffer)
   在 System.IO.StreamReader.Read(Char[] buffer, Int32 index, Int32 count)
   在 网上抓书.HttpUtil.GetWebContent(String url, Encoding encoding) 位置 D:\CSharp\网上抓书\网上抓书\HttpUtil.cs:行号 36
2020-04-15 14:16:22.741: http://www.momxs.com/momx.asp?bid=13326&id=1431567 System.Net.WebException: 操作已超时。
   在 System.Net.ConnectStream.Read(Byte[] buffer, Int32 offset, Int32 size)
   在 System.IO.StreamReader.ReadBuffer(Char[] userBuffer, Int32 userOffset, Int32 desiredChars, Boolean& readToUserBuffer)
   在 System.IO.StreamReader.Read(Char[] buffer, Int32 index, Int32 count)
   在 网上抓书.HttpUtil.GetWebContent(String url, Encoding encoding) 位置 D:\CSharp\网上抓书\网上抓书\HttpUtil.cs:行号 36
2020-04-15 14:16:37.862: http://www.momxs.com/momx.asp?bid=48528&id=6861707 System.Net.WebException: 操作已超时。
   在 System.Net.ConnectStream.Read(Byte[] buffer, Int32 offset, Int32 size)
   在 System.IO.StreamReader.ReadBuffer(Char[] userBuffer, Int32 userOffset, Int32 desiredChars, Boolean& readToUserBuffer)
   在 System.IO.StreamReader.Read(Char[] buffer, Int32 index, Int32 count)
   在 网上抓书.HttpUtil.GetWebContent(String url, Encoding encoding) 位置 D:\CSharp\网上抓书\网上抓书\HttpUtil.cs:行号 36
2020-04-15 14:16:58.895: http://www.momxs.com/momxs.asp?id=6861707 System.Net.WebException: 无法连接到远程服务器 ---> System.Net.Sockets.SocketException: 由于连接方在一段时间后没有正确答复或连接的主机没有反应，连接尝试失败。 204.12.213.162:80
   在 System.Net.Sockets.Socket.DoConnect(EndPoint endPointSnapshot, SocketAddress socketAddress)
   在 System.Net.ServicePoint.ConnectSocketInternal(Boolean connectFailure, Socket s4, Socket s6, Socket& socket, IPAddress& address, ConnectSocketState state, IAsyncResult asyncResult, Exception& exception)
   --- 内部异常堆栈跟踪的结尾 ---
   在 System.Net.HttpWebRequest.GetResponse()
   在 网上抓书.HttpUtil.GetWebContent(String url, Encoding encoding) 位置 D:\CSharp\网上抓书\网上抓书\HttpUtil.cs:行号 29
2020-04-15 14:17:19.903: http://www.momxs.com/momxs.asp?id=6861707 System.Net.WebException: 无法连接到远程服务器 ---> System.Net.Sockets.SocketException: 由于连接方在一段时间后没有正确答复或连接的主机没有反应，连接尝试失败。 204.12.213.162:80
   在 System.Net.Sockets.Socket.DoConnect(EndPoint endPointSnapshot, SocketAddress socketAddress)
   在 System.Net.ServicePoint.ConnectSocketInternal(Boolean connectFailure, Socket s4, Socket s6, Socket& socket, IPAddress& address, ConnectSocketState state, IAsyncResult asyncResult, Exception& exception)
   --- 内部异常堆栈跟踪的结尾 ---
   在 System.Net.HttpWebRequest.GetResponse()
   在 网上抓书.HttpUtil.GetWebContent(String url, Encoding encoding) 位置 D:\CSharp\网上抓书\网上抓书\HttpUtil.cs:行号 29
2020-04-15 14:21:07.051: http://www.momxs.com/mom.asp?id=13843 System.Net.WebException: 无法连接到远程服务器 ---> System.Net.Sockets.SocketException: 由于连接方在一段时间后没有正确答复或连接的主机没有反应，连接尝试失败。 204.12.213.162:80
   在 System.Net.Sockets.Socket.DoConnect(EndPoint endPointSnapshot, SocketAddress socketAddress)
   在 System.Net.ServicePoint.ConnectSocketInternal(Boolean connectFailure, Socket s4, Socket s6, Socket& socket, IPAddress& address, ConnectSocketState state, IAsyncResult asyncResult, Exception& exception)
   --- 内部异常堆栈跟踪的结尾 ---
   在 System.Net.HttpWebRequest.GetResponse()
   在 网上抓书.HttpUtil.GetWebContent(String url, Encoding encoding) 位置 D:\CSharp\网上抓书\网上抓书\HttpUtil.cs:行号 29
2020-04-15 14:22:23.086: http://www.momxs.com/momxs.asp?id=1503851 System.Net.WebException: 请求被中止: 操作超时。
   在 System.Net.HttpWebRequest.GetResponse()
   在 网上抓书.HttpUtil.GetWebContent(String url, Encoding encoding) 位置 D:\CSharp\网上抓书\网上抓书\HttpUtil.cs:行号 29
2020-04-15 14:23:57.875: http://www.momxs.com/momxs.asp?id=6861716 System.Net.WebException: 操作已超时。
   在 System.Net.ConnectStream.Read(Byte[] buffer, Int32 offset, Int32 size)
   在 System.IO.StreamReader.ReadBuffer(Char[] userBuffer, Int32 userOffset, Int32 desiredChars, Boolean& readToUserBuffer)
   在 System.IO.StreamReader.Read(Char[] buffer, Int32 index, Int32 count)
   在 网上抓书.HttpUtil.GetWebContent(String url, Encoding encoding) 位置 D:\CSharp\网上抓书\网上抓书\HttpUtil.cs:行号 36
2020-04-15 14:26:16.991: http://www.momxs.com/momxs.asp?id=1432714 System.Net.WebException: 操作已超时。
   在 System.Net.ConnectStream.Read(Byte[] buffer, Int32 offset, Int32 size)
   在 System.IO.StreamReader.ReadBuffer(Char[] userBuffer, Int32 userOffset, Int32 desiredChars, Boolean& readToUserBuffer)
   在 System.IO.StreamReader.Read(Char[] buffer, Int32 index, Int32 count)
   在 网上抓书.HttpUtil.GetWebContent(String url, Encoding encoding) 位置 D:\CSharp\网上抓书\网上抓书\HttpUtil.cs:行号 36
2020-04-15 14:29:27.230: http://www.momxs.com/momxs.asp?id=6861726 System.Net.WebException: 操作已超时。
   在 System.Net.ConnectStream.Read(Byte[] buffer, Int32 offset, Int32 size)
   在 System.IO.StreamReader.ReadBuffer(Char[] userBuffer, Int32 userOffset, Int32 desiredChars, Boolean& readToUserBuffer)
   在 System.IO.StreamReader.Read(Char[] buffer, Int32 index, Int32 count)
   在 网上抓书.HttpUtil.GetWebContent(String url, Encoding encoding) 位置 D:\CSharp\网上抓书\网上抓书\HttpUtil.cs:行号 36
2020-04-15 14:29:27.448: http://www.momxs.com/momxs.asp?id=6661106 System.Net.WebException: 操作已超时。
   在 System.Net.ConnectStream.Read(Byte[] buffer, Int32 offset, Int32 size)
   在 System.IO.StreamReader.ReadBuffer(Char[] userBuffer, Int32 userOffset, Int32 desiredChars, Boolean& readToUserBuffer)
   在 System.IO.StreamReader.Read(Char[] buffer, Int32 index, Int32 count)
   在 网上抓书.HttpUtil.GetWebContent(String url, Encoding encoding) 位置 D:\CSharp\网上抓书\网上抓书\HttpUtil.cs:行号 36
2020-04-15 14:29:48.253: http://www.momxs.com/momxs.asp?id=6861726 System.Net.WebException: 无法连接到远程服务器 ---> System.Net.Sockets.SocketException: 由于连接方在一段时间后没有正确答复或连接的主机没有反应，连接尝试失败。 204.12.213.162:80
   在 System.Net.Sockets.Socket.DoConnect(EndPoint endPointSnapshot, SocketAddress socketAddress)
   在 System.Net.ServicePoint.ConnectSocketInternal(Boolean connectFailure, Socket s4, Socket s6, Socket& socket, IPAddress& address, ConnectSocketState state, IAsyncResult asyncResult, Exception& exception)
   --- 内部异常堆栈跟踪的结尾 ---
   在 System.Net.HttpWebRequest.GetResponse()
   在 网上抓书.HttpUtil.GetWebContent(String url, Encoding encoding) 位置 D:\CSharp\网上抓书\网上抓书\HttpUtil.cs:行号 29
2020-04-15 14:29:48.469: http://www.momxs.com/momxs.asp?id=6661106 System.Net.WebException: 无法连接到远程服务器 ---> System.Net.Sockets.SocketException: 由于连接方在一段时间后没有正确答复或连接的主机没有反应，连接尝试失败。 204.12.213.162:80
   在 System.Net.Sockets.Socket.DoConnect(EndPoint endPointSnapshot, SocketAddress socketAddress)
   在 System.Net.ServicePoint.ConnectSocketInternal(Boolean connectFailure, Socket s4, Socket s6, Socket& socket, IPAddress& address, ConnectSocketState state, IAsyncResult asyncResult, Exception& exception)
   --- 内部异常堆栈跟踪的结尾 ---
   在 System.Net.HttpWebRequest.GetResponse()
   在 网上抓书.HttpUtil.GetWebContent(String url, Encoding encoding) 位置 D:\CSharp\网上抓书\网上抓书\HttpUtil.cs:行号 29
2020-04-15 14:33:02.631: http://www.momxs.com/momxs.asp?id=1525010 System.Net.WebException: 请求被中止: 操作超时。
   在 System.Net.HttpWebRequest.GetResponse()
   在 网上抓书.HttpUtil.GetWebContent(String url, Encoding encoding) 位置 D:\CSharp\网上抓书\网上抓书\HttpUtil.cs:行号 29
2020-04-15 14:34:49.398: http://www.momxs.com/momxs.asp?id=6661106 System.Net.WebException: 操作已超时。
   在 System.Net.ConnectStream.Read(Byte[] buffer, Int32 offset, Int32 size)
   在 System.IO.StreamReader.ReadBuffer(Char[] userBuffer, Int32 userOffset, Int32 desiredChars, Boolean& readToUserBuffer)
   在 System.IO.StreamReader.Read(Char[] buffer, Int32 index, Int32 count)
   在 网上抓书.HttpUtil.GetWebContent(String url, Encoding encoding) 位置 D:\CSharp\网上抓书\网上抓书\HttpUtil.cs:行号 36
2020-04-15 14:35:10.442: http://www.momxs.com/momxs.asp?id=6661106 System.Net.WebException: 无法连接到远程服务器 ---> System.Net.Sockets.SocketException: 由于连接方在一段时间后没有正确答复或连接的主机没有反应，连接尝试失败。 204.12.213.162:80
   在 System.Net.Sockets.Socket.DoConnect(EndPoint endPointSnapshot, SocketAddress socketAddress)
   在 System.Net.ServicePoint.ConnectSocketInternal(Boolean connectFailure, Socket s4, Socket s6, Socket& socket, IPAddress& address, ConnectSocketState state, IAsyncResult asyncResult, Exception& exception)
   --- 内部异常堆栈跟踪的结尾 ---
   在 System.Net.HttpWebRequest.GetResponse()
   在 网上抓书.HttpUtil.GetWebContent(String url, Encoding encoding) 位置 D:\CSharp\网上抓书\网上抓书\HttpUtil.cs:行号 29
2020-04-15 14:35:31.446: http://www.momxs.com/momxs.asp?id=6661106 System.Net.WebException: 无法连接到远程服务器 ---> System.Net.Sockets.SocketException: 由于连接方在一段时间后没有正确答复或连接的主机没有反应，连接尝试失败。 204.12.213.162:80
   在 System.Net.Sockets.Socket.DoConnect(EndPoint endPointSnapshot, SocketAddress socketAddress)
   在 System.Net.ServicePoint.ConnectSocketInternal(Boolean connectFailure, Socket s4, Socket s6, Socket& socket, IPAddress& address, ConnectSocketState state, IAsyncResult asyncResult, Exception& exception)
   --- 内部异常堆栈跟踪的结尾 ---
   在 System.Net.HttpWebRequest.GetResponse()
   在 网上抓书.HttpUtil.GetWebContent(String url, Encoding encoding) 位置 D:\CSharp\网上抓书\网上抓书\HttpUtil.cs:行号 29
2020-04-15 14:35:52.461: http://www.momxs.com/momxs.asp?id=6661106 System.Net.WebException: 无法连接到远程服务器 ---> System.Net.Sockets.SocketException: 由于连接方在一段时间后没有正确答复或连接的主机没有反应，连接尝试失败。 204.12.213.162:80
   在 System.Net.Sockets.Socket.DoConnect(EndPoint endPointSnapshot, SocketAddress socketAddress)
   在 System.Net.ServicePoint.ConnectSocketInternal(Boolean connectFailure, Socket s4, Socket s6, Socket& socket, IPAddress& address, ConnectSocketState state, IAsyncResult asyncResult, Exception& exception)
   --- 内部异常堆栈跟踪的结尾 ---
   在 System.Net.HttpWebRequest.GetResponse()
   在 网上抓书.HttpUtil.GetWebContent(String url, Encoding encoding) 位置 D:\CSharp\网上抓书\网上抓书\HttpUtil.cs:行号 29
2020-04-15 14:36:13.478: http://www.momxs.com/momxs.asp?id=6661106 System.Net.WebException: 无法连接到远程服务器 ---> System.Net.Sockets.SocketException: 由于连接方在一段时间后没有正确答复或连接的主机没有反应，连接尝试失败。 204.12.213.162:80
   在 System.Net.Sockets.Socket.DoConnect(EndPoint endPointSnapshot, SocketAddress socketAddress)
   在 System.Net.ServicePoint.ConnectSocketInternal(Boolean connectFailure, Socket s4, Socket s6, Socket& socket, IPAddress& address, ConnectSocketState state, IAsyncResult asyncResult, Exception& exception)
   --- 内部异常堆栈跟踪的结尾 ---
   在 System.Net.HttpWebRequest.GetResponse()
   在 网上抓书.HttpUtil.GetWebContent(String url, Encoding encoding) 位置 D:\CSharp\网上抓书\网上抓书\HttpUtil.cs:行号 29
2020-04-15 14:36:25.777: http://www.momxs.com/mom.asp?id=11361 System.Net.WebException: 无法连接到远程服务器 ---> System.Net.Sockets.SocketException: 由于连接方在一段时间后没有正确答复或连接的主机没有反应，连接尝试失败。 204.12.213.162:80
   在 System.Net.Sockets.Socket.DoConnect(EndPoint endPointSnapshot, SocketAddress socketAddress)
   在 System.Net.ServicePoint.ConnectSocketInternal(Boolean connectFailure, Socket s4, Socket s6, Socket& socket, IPAddress& address, ConnectSocketState state, IAsyncResult asyncResult, Exception& exception)
   --- 内部异常堆栈跟踪的结尾 ---
   在 System.Net.HttpWebRequest.GetResponse()
   在 网上抓书.HttpUtil.GetWebContent(String url, Encoding encoding) 位置 D:\CSharp\网上抓书\网上抓书\HttpUtil.cs:行号 29
2020-04-15 14:36:34.496: http://www.momxs.com/momxs.asp?id=6661106 System.Net.WebException: 无法连接到远程服务器 ---> System.Net.Sockets.SocketException: 由于连接方在一段时间后没有正确答复或连接的主机没有反应，连接尝试失败。 204.12.213.162:80
   在 System.Net.Sockets.Socket.DoConnect(EndPoint endPointSnapshot, SocketAddress socketAddress)
   在 System.Net.ServicePoint.ConnectSocketInternal(Boolean connectFailure, Socket s4, Socket s6, Socket& socket, IPAddress& address, ConnectSocketState state, IAsyncResult asyncResult, Exception& exception)
   --- 内部异常堆栈跟踪的结尾 ---
   在 System.Net.HttpWebRequest.GetResponse()
   在 网上抓书.HttpUtil.GetWebContent(String url, Encoding encoding) 位置 D:\CSharp\网上抓书\网上抓书\HttpUtil.cs:行号 29
2020-04-15 14:36:37.741: http://www.momxs.com/mom.asp?id=48672 System.Net.WebException: 操作已超时。
   在 System.Net.ConnectStream.Read(Byte[] buffer, Int32 offset, Int32 size)
   在 System.IO.StreamReader.ReadBuffer(Char[] userBuffer, Int32 userOffset, Int32 desiredChars, Boolean& readToUserBuffer)
   在 System.IO.StreamReader.Read(Char[] buffer, Int32 index, Int32 count)
   在 网上抓书.HttpUtil.GetWebContent(String url, Encoding encoding) 位置 D:\CSharp\网上抓书\网上抓书\HttpUtil.cs:行号 36
2020-04-15 14:36:55.510: http://www.momxs.com/momxs.asp?id=6661106 System.Net.WebException: 无法连接到远程服务器 ---> System.Net.Sockets.SocketException: 由于连接方在一段时间后没有正确答复或连接的主机没有反应，连接尝试失败。 204.12.213.162:80
   在 System.Net.Sockets.Socket.DoConnect(EndPoint endPointSnapshot, SocketAddress socketAddress)
   在 System.Net.ServicePoint.ConnectSocketInternal(Boolean connectFailure, Socket s4, Socket s6, Socket& socket, IPAddress& address, ConnectSocketState state, IAsyncResult asyncResult, Exception& exception)
   --- 内部异常堆栈跟踪的结尾 ---
   在 System.Net.HttpWebRequest.GetResponse()
   在 网上抓书.HttpUtil.GetWebContent(String url, Encoding encoding) 位置 D:\CSharp\网上抓书\网上抓书\HttpUtil.cs:行号 29
2020-04-15 14:37:16.529: http://www.momxs.com/momxs.asp?id=6661106 System.Net.WebException: 无法连接到远程服务器 ---> System.Net.Sockets.SocketException: 由于连接方在一段时间后没有正确答复或连接的主机没有反应，连接尝试失败。 204.12.213.162:80
   在 System.Net.Sockets.Socket.DoConnect(EndPoint endPointSnapshot, SocketAddress socketAddress)
   在 System.Net.ServicePoint.ConnectSocketInternal(Boolean connectFailure, Socket s4, Socket s6, Socket& socket, IPAddress& address, ConnectSocketState state, IAsyncResult asyncResult, Exception& exception)
   --- 内部异常堆栈跟踪的结尾 ---
   在 System.Net.HttpWebRequest.GetResponse()
   在 网上抓书.HttpUtil.GetWebContent(String url, Encoding encoding) 位置 D:\CSharp\网上抓书\网上抓书\HttpUtil.cs:行号 29
2020-04-15 14:37:26.582: http://www.momxs.com/momxs.asp?id=1196796 System.Net.WebException: 请求被中止: 操作超时。
   在 System.Net.HttpWebRequest.GetResponse()
   在 网上抓书.HttpUtil.GetWebContent(String url, Encoding encoding) 位置 D:\CSharp\网上抓书\网上抓书\HttpUtil.cs:行号 29
2020-04-15 14:37:37.542: http://www.momxs.com/momxs.asp?id=6661106 System.Net.WebException: 无法连接到远程服务器 ---> System.Net.Sockets.SocketException: 由于连接方在一段时间后没有正确答复或连接的主机没有反应，连接尝试失败。 204.12.213.162:80
   在 System.Net.Sockets.Socket.DoConnect(EndPoint endPointSnapshot, SocketAddress socketAddress)
   在 System.Net.ServicePoint.ConnectSocketInternal(Boolean connectFailure, Socket s4, Socket s6, Socket& socket, IPAddress& address, ConnectSocketState state, IAsyncResult asyncResult, Exception& exception)
   --- 内部异常堆栈跟踪的结尾 ---
   在 System.Net.HttpWebRequest.GetResponse()
   在 网上抓书.HttpUtil.GetWebContent(String url, Encoding encoding) 位置 D:\CSharp\网上抓书\网上抓书\HttpUtil.cs:行号 29
2020-04-15 14:37:51.876: http://www.momxs.com/momx.asp?bid=11361&id=1196797 System.Net.WebException: 无法连接到远程服务器 ---> System.Net.Sockets.SocketException: 由于连接方在一段时间后没有正确答复或连接的主机没有反应，连接尝试失败。 204.12.213.162:80
   在 System.Net.Sockets.Socket.DoConnect(EndPoint endPointSnapshot, SocketAddress socketAddress)
   在 System.Net.ServicePoint.ConnectSocketInternal(Boolean connectFailure, Socket s4, Socket s6, Socket& socket, IPAddress& address, ConnectSocketState state, IAsyncResult asyncResult, Exception& exception)
   --- 内部异常堆栈跟踪的结尾 ---
   在 System.Net.HttpWebRequest.GetResponse()
   在 网上抓书.HttpUtil.GetWebContent(String url, Encoding encoding) 位置 D:\CSharp\网上抓书\网上抓书\HttpUtil.cs:行号 29
2020-04-15 14:38:59.553: http://www.momxs.com/momx.asp?bid=14315&id=1524960 System.Net.WebException: 操作已超时。
   在 System.Net.ConnectStream.Read(Byte[] buffer, Int32 offset, Int32 size)
   在 System.IO.StreamReader.ReadBuffer(Char[] userBuffer, Int32 userOffset, Int32 desiredChars, Boolean& readToUserBuffer)
   在 System.IO.StreamReader.Read(Char[] buffer, Int32 index, Int32 count)
   在 网上抓书.HttpUtil.GetWebContent(String url, Encoding encoding) 位置 D:\CSharp\网上抓书\网上抓书\HttpUtil.cs:行号 36
2020-04-15 14:43:00.097: http://www.momxs.com/momx.asp?bid=11361&id=1196797 System.Net.WebException: 操作已超时。
   在 System.Net.ConnectStream.Read(Byte[] buffer, Int32 offset, Int32 size)
   在 System.IO.StreamReader.ReadBuffer(Char[] userBuffer, Int32 userOffset, Int32 desiredChars, Boolean& readToUserBuffer)
   在 System.IO.StreamReader.Read(Char[] buffer, Int32 index, Int32 count)
   在 网上抓书.HttpUtil.GetWebContent(String url, Encoding encoding) 位置 D:\CSharp\网上抓书\网上抓书\HttpUtil.cs:行号 36
2020-04-15 14:43:00.954: http://www.momxs.com/momx.asp?bid=48175&id=6661107 System.Net.WebException: 操作已超时。
   在 System.Net.ConnectStream.Read(Byte[] buffer, Int32 offset, Int32 size)
   在 System.IO.StreamReader.ReadBuffer(Char[] userBuffer, Int32 userOffset, Int32 desiredChars, Boolean& readToUserBuffer)
   在 System.IO.StreamReader.Read(Char[] buffer, Int32 index, Int32 count)
   在 网上抓书.HttpUtil.GetWebContent(String url, Encoding encoding) 位置 D:\CSharp\网上抓书\网上抓书\HttpUtil.cs:行号 36
2020-04-15 14:43:21.105: http://www.momxs.com/momxs.asp?id=1196797 System.Net.WebException: 无法连接到远程服务器 ---> System.Net.Sockets.SocketException: 由于连接方在一段时间后没有正确答复或连接的主机没有反应，连接尝试失败。 204.12.213.162:80
   在 System.Net.Sockets.Socket.DoConnect(EndPoint endPointSnapshot, SocketAddress socketAddress)
   在 System.Net.ServicePoint.ConnectSocketInternal(Boolean connectFailure, Socket s4, Socket s6, Socket& socket, IPAddress& address, ConnectSocketState state, IAsyncResult asyncResult, Exception& exception)
   --- 内部异常堆栈跟踪的结尾 ---
   在 System.Net.HttpWebRequest.GetResponse()
   在 网上抓书.HttpUtil.GetWebContent(String url, Encoding encoding) 位置 D:\CSharp\网上抓书\网上抓书\HttpUtil.cs:行号 29
2020-04-15 14:43:21.980: http://www.momxs.com/momxs.asp?id=6661107 System.Net.WebException: 无法连接到远程服务器 ---> System.Net.Sockets.SocketException: 由于连接方在一段时间后没有正确答复或连接的主机没有反应，连接尝试失败。 204.12.213.162:80
   在 System.Net.Sockets.Socket.DoConnect(EndPoint endPointSnapshot, SocketAddress socketAddress)
   在 System.Net.ServicePoint.ConnectSocketInternal(Boolean connectFailure, Socket s4, Socket s6, Socket& socket, IPAddress& address, ConnectSocketState state, IAsyncResult asyncResult, Exception& exception)
   --- 内部异常堆栈跟踪的结尾 ---
   在 System.Net.HttpWebRequest.GetResponse()
   在 网上抓书.HttpUtil.GetWebContent(String url, Encoding encoding) 位置 D:\CSharp\网上抓书\网上抓书\HttpUtil.cs:行号 29
2020-04-15 14:43:42.111: http://www.momxs.com/momxs.asp?id=1196797 System.Net.WebException: 无法连接到远程服务器 ---> System.Net.Sockets.SocketException: 由于连接方在一段时间后没有正确答复或连接的主机没有反应，连接尝试失败。 204.12.213.162:80
   在 System.Net.Sockets.Socket.DoConnect(EndPoint endPointSnapshot, SocketAddress socketAddress)
   在 System.Net.ServicePoint.ConnectSocketInternal(Boolean connectFailure, Socket s4, Socket s6, Socket& socket, IPAddress& address, ConnectSocketState state, IAsyncResult asyncResult, Exception& exception)
   --- 内部异常堆栈跟踪的结尾 ---
   在 System.Net.HttpWebRequest.GetResponse()
   在 网上抓书.HttpUtil.GetWebContent(String url, Encoding encoding) 位置 D:\CSharp\网上抓书\网上抓书\HttpUtil.cs:行号 29
2020-04-15 14:43:42.998: http://www.momxs.com/momxs.asp?id=6661107 System.Net.WebException: 无法连接到远程服务器 ---> System.Net.Sockets.SocketException: 由于连接方在一段时间后没有正确答复或连接的主机没有反应，连接尝试失败。 204.12.213.162:80
   在 System.Net.Sockets.Socket.DoConnect(EndPoint endPointSnapshot, SocketAddress socketAddress)
   在 System.Net.ServicePoint.ConnectSocketInternal(Boolean connectFailure, Socket s4, Socket s6, Socket& socket, IPAddress& address, ConnectSocketState state, IAsyncResult asyncResult, Exception& exception)
   --- 内部异常堆栈跟踪的结尾 ---
   在 System.Net.HttpWebRequest.GetResponse()
   在 网上抓书.HttpUtil.GetWebContent(String url, Encoding encoding) 位置 D:\CSharp\网上抓书\网上抓书\HttpUtil.cs:行号 29
2020-04-15 14:44:04.013: http://www.momxs.com/momxs.asp?id=6661107 System.Net.WebException: 无法连接到远程服务器 ---> System.Net.Sockets.SocketException: 由于连接方在一段时间后没有正确答复或连接的主机没有反应，连接尝试失败。 204.12.213.162:80
   在 System.Net.Sockets.Socket.DoConnect(EndPoint endPointSnapshot, SocketAddress socketAddress)
   在 System.Net.ServicePoint.ConnectSocketInternal(Boolean connectFailure, Socket s4, Socket s6, Socket& socket, IPAddress& address, ConnectSocketState state, IAsyncResult asyncResult, Exception& exception)
   --- 内部异常堆栈跟踪的结尾 ---
   在 System.Net.HttpWebRequest.GetResponse()
   在 网上抓书.HttpUtil.GetWebContent(String url, Encoding encoding) 位置 D:\CSharp\网上抓书\网上抓书\HttpUtil.cs:行号 29
2020-04-15 14:44:08.892: http://www.momxs.com/momx.asp?bid=11361&id=1196798 System.Net.WebException: 无法连接到远程服务器 ---> System.Net.Sockets.SocketException: 由于连接方在一段时间后没有正确答复或连接的主机没有反应，连接尝试失败。 204.12.213.162:80
   在 System.Net.Sockets.Socket.DoConnect(EndPoint endPointSnapshot, SocketAddress socketAddress)
   在 System.Net.ServicePoint.ConnectSocketInternal(Boolean connectFailure, Socket s4, Socket s6, Socket& socket, IPAddress& address, ConnectSocketState state, IAsyncResult asyncResult, Exception& exception)
   --- 内部异常堆栈跟踪的结尾 ---
   在 System.Net.HttpWebRequest.GetResponse()
   在 网上抓书.HttpUtil.GetWebContent(String url, Encoding encoding) 位置 D:\CSharp\网上抓书\网上抓书\HttpUtil.cs:行号 29
2020-04-15 14:44:40.763: http://www.momxs.com/momxs.asp?id=1524963 System.Net.WebException: 操作已超时。
   在 System.Net.ConnectStream.Read(Byte[] buffer, Int32 offset, Int32 size)
   在 System.IO.StreamReader.ReadBuffer(Char[] userBuffer, Int32 userOffset, Int32 desiredChars, Boolean& readToUserBuffer)
   在 System.IO.StreamReader.Read(Char[] buffer, Int32 index, Int32 count)
   在 网上抓书.HttpUtil.GetWebContent(String url, Encoding encoding) 位置 D:\CSharp\网上抓书\网上抓书\HttpUtil.cs:行号 36
2020-04-15 14:44:55.480: http://www.momxs.com/momx.asp?bid=48175&id=6661108 System.Net.WebException: 无法连接到远程服务器 ---> System.Net.Sockets.SocketException: 由于连接方在一段时间后没有正确答复或连接的主机没有反应，连接尝试失败。 204.12.213.162:80
   在 System.Net.Sockets.Socket.DoConnect(EndPoint endPointSnapshot, SocketAddress socketAddress)
   在 System.Net.ServicePoint.ConnectSocketInternal(Boolean connectFailure, Socket s4, Socket s6, Socket& socket, IPAddress& address, ConnectSocketState state, IAsyncResult asyncResult, Exception& exception)
   --- 内部异常堆栈跟踪的结尾 ---
   在 System.Net.HttpWebRequest.GetResponse()
   在 网上抓书.HttpUtil.GetWebContent(String url, Encoding encoding) 位置 D:\CSharp\网上抓书\网上抓书\HttpUtil.cs:行号 29
2020-04-15 14:44:56.195: http://www.momxs.com/momxs.asp?id=1431568 System.Net.WebException: 操作已超时。
   在 System.Net.ConnectStream.Read(Byte[] buffer, Int32 offset, Int32 size)
   在 System.IO.StreamReader.ReadBuffer(Char[] userBuffer, Int32 userOffset, Int32 desiredChars, Boolean& readToUserBuffer)
   在 System.IO.StreamReader.Read(Char[] buffer, Int32 index, Int32 count)
   在 网上抓书.HttpUtil.GetWebContent(String url, Encoding encoding) 位置 D:\CSharp\网上抓书\网上抓书\HttpUtil.cs:行号 36
2020-04-15 14:45:01.771: http://www.momxs.com/momxs.asp?id=1524963 System.Net.WebException: 无法连接到远程服务器 ---> System.Net.Sockets.SocketException: 由于连接方在一段时间后没有正确答复或连接的主机没有反应，连接尝试失败。 204.12.213.162:80
   在 System.Net.Sockets.Socket.DoConnect(EndPoint endPointSnapshot, SocketAddress socketAddress)
   在 System.Net.ServicePoint.ConnectSocketInternal(Boolean connectFailure, Socket s4, Socket s6, Socket& socket, IPAddress& address, ConnectSocketState state, IAsyncResult asyncResult, Exception& exception)
   --- 内部异常堆栈跟踪的结尾 ---
   在 System.Net.HttpWebRequest.GetResponse()
   在 网上抓书.HttpUtil.GetWebContent(String url, Encoding encoding) 位置 D:\CSharp\网上抓书\网上抓书\HttpUtil.cs:行号 29
2020-04-15 14:45:17.224: http://www.momxs.com/momxs.asp?id=1431568 System.Net.WebException: 无法连接到远程服务器 ---> System.Net.Sockets.SocketException: 由于连接方在一段时间后没有正确答复或连接的主机没有反应，连接尝试失败。 204.12.213.162:80
   在 System.Net.Sockets.Socket.DoConnect(EndPoint endPointSnapshot, SocketAddress socketAddress)
   在 System.Net.ServicePoint.ConnectSocketInternal(Boolean connectFailure, Socket s4, Socket s6, Socket& socket, IPAddress& address, ConnectSocketState state, IAsyncResult asyncResult, Exception& exception)
   --- 内部异常堆栈跟踪的结尾 ---
   在 System.Net.HttpWebRequest.GetResponse()
   在 网上抓书.HttpUtil.GetWebContent(String url, Encoding encoding) 位置 D:\CSharp\网上抓书\网上抓书\HttpUtil.cs:行号 29
2020-04-15 14:45:22.787: http://www.momxs.com/momxs.asp?id=1524963 System.Net.WebException: 无法连接到远程服务器 ---> System.Net.Sockets.SocketException: 由于连接方在一段时间后没有正确答复或连接的主机没有反应，连接尝试失败。 204.12.213.162:80
   在 System.Net.Sockets.Socket.DoConnect(EndPoint endPointSnapshot, SocketAddress socketAddress)
   在 System.Net.ServicePoint.ConnectSocketInternal(Boolean connectFailure, Socket s4, Socket s6, Socket& socket, IPAddress& address, ConnectSocketState state, IAsyncResult asyncResult, Exception& exception)
   --- 内部异常堆栈跟踪的结尾 ---
   在 System.Net.HttpWebRequest.GetResponse()
   在 网上抓书.HttpUtil.GetWebContent(String url, Encoding encoding) 位置 D:\CSharp\网上抓书\网上抓书\HttpUtil.cs:行号 29
2020-04-15 14:45:26.934: http://www.momxs.com/momx.asp?bid=48175&id=6661109 System.Net.WebException: 无法连接到远程服务器 ---> System.Net.Sockets.SocketException: 由于连接方在一段时间后没有正确答复或连接的主机没有反应，连接尝试失败。 204.12.213.162:80
   在 System.Net.Sockets.Socket.DoConnect(EndPoint endPointSnapshot, SocketAddress socketAddress)
   在 System.Net.ServicePoint.ConnectSocketInternal(Boolean connectFailure, Socket s4, Socket s6, Socket& socket, IPAddress& address, ConnectSocketState state, IAsyncResult asyncResult, Exception& exception)
   --- 内部异常堆栈跟踪的结尾 ---
   在 System.Net.HttpWebRequest.GetResponse()
   在 网上抓书.HttpUtil.GetWebContent(String url, Encoding encoding) 位置 D:\CSharp\网上抓书\网上抓书\HttpUtil.cs:行号 29
2020-04-15 14:45:38.235: http://www.momxs.com/momxs.asp?id=1431568 System.Net.WebException: 无法连接到远程服务器 ---> System.Net.Sockets.SocketException: 由于连接方在一段时间后没有正确答复或连接的主机没有反应，连接尝试失败。 204.12.213.162:80
   在 System.Net.Sockets.Socket.DoConnect(EndPoint endPointSnapshot, SocketAddress socketAddress)
   在 System.Net.ServicePoint.ConnectSocketInternal(Boolean connectFailure, Socket s4, Socket s6, Socket& socket, IPAddress& address, ConnectSocketState state, IAsyncResult asyncResult, Exception& exception)
   --- 内部异常堆栈跟踪的结尾 ---
   在 System.Net.HttpWebRequest.GetResponse()
   在 网上抓书.HttpUtil.GetWebContent(String url, Encoding encoding) 位置 D:\CSharp\网上抓书\网上抓书\HttpUtil.cs:行号 29
2020-04-15 14:45:43.805: http://www.momxs.com/momxs.asp?id=1524963 System.Net.WebException: 无法连接到远程服务器 ---> System.Net.Sockets.SocketException: 由于连接方在一段时间后没有正确答复或连接的主机没有反应，连接尝试失败。 204.12.213.162:80
   在 System.Net.Sockets.Socket.DoConnect(EndPoint endPointSnapshot, SocketAddress socketAddress)
   在 System.Net.ServicePoint.ConnectSocketInternal(Boolean connectFailure, Socket s4, Socket s6, Socket& socket, IPAddress& address, ConnectSocketState state, IAsyncResult asyncResult, Exception& exception)
   --- 内部异常堆栈跟踪的结尾 ---
   在 System.Net.HttpWebRequest.GetResponse()
   在 网上抓书.HttpUtil.GetWebContent(String url, Encoding encoding) 位置 D:\CSharp\网上抓书\网上抓书\HttpUtil.cs:行号 29
2020-04-15 14:45:50.081: http://www.momxs.com/momx.asp?bid=48175&id=6661110 System.Net.WebException: 无法连接到远程服务器 ---> System.Net.Sockets.SocketException: 由于连接方在一段时间后没有正确答复或连接的主机没有反应，连接尝试失败。 204.12.213.162:80
   在 System.Net.Sockets.Socket.DoConnect(EndPoint endPointSnapshot, SocketAddress socketAddress)
   在 System.Net.ServicePoint.ConnectSocketInternal(Boolean connectFailure, Socket s4, Socket s6, Socket& socket, IPAddress& address, ConnectSocketState state, IAsyncResult asyncResult, Exception& exception)
   --- 内部异常堆栈跟踪的结尾 ---
   在 System.Net.HttpWebRequest.GetResponse()
   在 网上抓书.HttpUtil.GetWebContent(String url, Encoding encoding) 位置 D:\CSharp\网上抓书\网上抓书\HttpUtil.cs:行号 29
2020-04-15 14:45:59.250: http://www.momxs.com/momxs.asp?id=1431568 System.Net.WebException: 无法连接到远程服务器 ---> System.Net.Sockets.SocketException: 由于连接方在一段时间后没有正确答复或连接的主机没有反应，连接尝试失败。 204.12.213.162:80
   在 System.Net.Sockets.Socket.DoConnect(EndPoint endPointSnapshot, SocketAddress socketAddress)
   在 System.Net.ServicePoint.ConnectSocketInternal(Boolean connectFailure, Socket s4, Socket s6, Socket& socket, IPAddress& address, ConnectSocketState state, IAsyncResult asyncResult, Exception& exception)
   --- 内部异常堆栈跟踪的结尾 ---
   在 System.Net.HttpWebRequest.GetResponse()
   在 网上抓书.HttpUtil.GetWebContent(String url, Encoding encoding) 位置 D:\CSharp\网上抓书\网上抓书\HttpUtil.cs:行号 29
2020-04-15 14:46:11.088: http://www.momxs.com/momxs.asp?id=6661110 System.Net.WebException: 无法连接到远程服务器 ---> System.Net.Sockets.SocketException: 由于连接方在一段时间后没有正确答复或连接的主机没有反应，连接尝试失败。 204.12.213.162:80
   在 System.Net.Sockets.Socket.DoConnect(EndPoint endPointSnapshot, SocketAddress socketAddress)
   在 System.Net.ServicePoint.ConnectSocketInternal(Boolean connectFailure, Socket s4, Socket s6, Socket& socket, IPAddress& address, ConnectSocketState state, IAsyncResult asyncResult, Exception& exception)
   --- 内部异常堆栈跟踪的结尾 ---
   在 System.Net.HttpWebRequest.GetResponse()
   在 网上抓书.HttpUtil.GetWebContent(String url, Encoding encoding) 位置 D:\CSharp\网上抓书\网上抓书\HttpUtil.cs:行号 29
2020-04-15 14:46:32.101: http://www.momxs.com/momxs.asp?id=6661110 System.Net.WebException: 无法连接到远程服务器 ---> System.Net.Sockets.SocketException: 由于连接方在一段时间后没有正确答复或连接的主机没有反应，连接尝试失败。 204.12.213.162:80
   在 System.Net.Sockets.Socket.DoConnect(EndPoint endPointSnapshot, SocketAddress socketAddress)
   在 System.Net.ServicePoint.ConnectSocketInternal(Boolean connectFailure, Socket s4, Socket s6, Socket& socket, IPAddress& address, ConnectSocketState state, IAsyncResult asyncResult, Exception& exception)
   --- 内部异常堆栈跟踪的结尾 ---
   在 System.Net.HttpWebRequest.GetResponse()
   在 网上抓书.HttpUtil.GetWebContent(String url, Encoding encoding) 位置 D:\CSharp\网上抓书\网上抓书\HttpUtil.cs:行号 29
2020-04-15 14:46:53.116: http://www.momxs.com/momxs.asp?id=6661110 System.Net.WebException: 无法连接到远程服务器 ---> System.Net.Sockets.SocketException: 由于连接方在一段时间后没有正确答复或连接的主机没有反应，连接尝试失败。 204.12.213.162:80
   在 System.Net.Sockets.Socket.DoConnect(EndPoint endPointSnapshot, SocketAddress socketAddress)
   在 System.Net.ServicePoint.ConnectSocketInternal(Boolean connectFailure, Socket s4, Socket s6, Socket& socket, IPAddress& address, ConnectSocketState state, IAsyncResult asyncResult, Exception& exception)
   --- 内部异常堆栈跟踪的结尾 ---
   在 System.Net.HttpWebRequest.GetResponse()
   在 网上抓书.HttpUtil.GetWebContent(String url, Encoding encoding) 位置 D:\CSharp\网上抓书\网上抓书\HttpUtil.cs:行号 29
2020-04-15 14:47:14.124: http://www.momxs.com/momxs.asp?id=6661110 System.Net.WebException: 无法连接到远程服务器 ---> System.Net.Sockets.SocketException: 由于连接方在一段时间后没有正确答复或连接的主机没有反应，连接尝试失败。 204.12.213.162:80
   在 System.Net.Sockets.Socket.DoConnect(EndPoint endPointSnapshot, SocketAddress socketAddress)
   在 System.Net.ServicePoint.ConnectSocketInternal(Boolean connectFailure, Socket s4, Socket s6, Socket& socket, IPAddress& address, ConnectSocketState state, IAsyncResult asyncResult, Exception& exception)
   --- 内部异常堆栈跟踪的结尾 ---
   在 System.Net.HttpWebRequest.GetResponse()
   在 网上抓书.HttpUtil.GetWebContent(String url, Encoding encoding) 位置 D:\CSharp\网上抓书\网上抓书\HttpUtil.cs:行号 29
2020-04-15 14:47:44.556: http://www.momxs.com/momx.asp?bid=48175&id=6661111 System.Net.WebException: 无法连接到远程服务器 ---> System.Net.Sockets.SocketException: 由于连接方在一段时间后没有正确答复或连接的主机没有反应，连接尝试失败。 204.12.213.162:80
   在 System.Net.Sockets.Socket.DoConnect(EndPoint endPointSnapshot, SocketAddress socketAddress)
   在 System.Net.ServicePoint.ConnectSocketInternal(Boolean connectFailure, Socket s4, Socket s6, Socket& socket, IPAddress& address, ConnectSocketState state, IAsyncResult asyncResult, Exception& exception)
   --- 内部异常堆栈跟踪的结尾 ---
   在 System.Net.HttpWebRequest.GetResponse()
   在 网上抓书.HttpUtil.GetWebContent(String url, Encoding encoding) 位置 D:\CSharp\网上抓书\网上抓书\HttpUtil.cs:行号 29
2020-04-15 14:48:05.588: http://www.momxs.com/momxs.asp?id=6661111 System.Net.WebException: 无法连接到远程服务器 ---> System.Net.Sockets.SocketException: 由于连接方在一段时间后没有正确答复或连接的主机没有反应，连接尝试失败。 204.12.213.162:80
   在 System.Net.Sockets.Socket.DoConnect(EndPoint endPointSnapshot, SocketAddress socketAddress)
   在 System.Net.ServicePoint.ConnectSocketInternal(Boolean connectFailure, Socket s4, Socket s6, Socket& socket, IPAddress& address, ConnectSocketState state, IAsyncResult asyncResult, Exception& exception)
   --- 内部异常堆栈跟踪的结尾 ---
   在 System.Net.HttpWebRequest.GetResponse()
   在 网上抓书.HttpUtil.GetWebContent(String url, Encoding encoding) 位置 D:\CSharp\网上抓书\网上抓书\HttpUtil.cs:行号 29
2020-04-15 14:48:26.602: http://www.momxs.com/momxs.asp?id=6661111 System.Net.WebException: 无法连接到远程服务器 ---> System.Net.Sockets.SocketException: 由于连接方在一段时间后没有正确答复或连接的主机没有反应，连接尝试失败。 204.12.213.162:80
   在 System.Net.Sockets.Socket.DoConnect(EndPoint endPointSnapshot, SocketAddress socketAddress)
   在 System.Net.ServicePoint.ConnectSocketInternal(Boolean connectFailure, Socket s4, Socket s6, Socket& socket, IPAddress& address, ConnectSocketState state, IAsyncResult asyncResult, Exception& exception)
   --- 内部异常堆栈跟踪的结尾 ---
   在 System.Net.HttpWebRequest.GetResponse()
   在 网上抓书.HttpUtil.GetWebContent(String url, Encoding encoding) 位置 D:\CSharp\网上抓书\网上抓书\HttpUtil.cs:行号 29
2020-04-15 14:48:47.610: http://www.momxs.com/momxs.asp?id=6661111 System.Net.WebException: 无法连接到远程服务器 ---> System.Net.Sockets.SocketException: 由于连接方在一段时间后没有正确答复或连接的主机没有反应，连接尝试失败。 204.12.213.162:80
   在 System.Net.Sockets.Socket.DoConnect(EndPoint endPointSnapshot, SocketAddress socketAddress)
   在 System.Net.ServicePoint.ConnectSocketInternal(Boolean connectFailure, Socket s4, Socket s6, Socket& socket, IPAddress& address, ConnectSocketState state, IAsyncResult asyncResult, Exception& exception)
   --- 内部异常堆栈跟踪的结尾 ---
   在 System.Net.HttpWebRequest.GetResponse()
   在 网上抓书.HttpUtil.GetWebContent(String url, Encoding encoding) 位置 D:\CSharp\网上抓书\网上抓书\HttpUtil.cs:行号 29
2020-04-15 14:50:50.434: http://www.momxs.com/momxs.asp?id=1196801 System.Net.WebException: 操作已超时。
   在 System.Net.ConnectStream.Read(Byte[] buffer, Int32 offset, Int32 size)
   在 System.IO.StreamReader.ReadBuffer(Char[] userBuffer, Int32 userOffset, Int32 desiredChars, Boolean& readToUserBuffer)
   在 System.IO.StreamReader.Read(Char[] buffer, Int32 index, Int32 count)
   在 网上抓书.HttpUtil.GetWebContent(String url, Encoding encoding) 位置 D:\CSharp\网上抓书\网上抓书\HttpUtil.cs:行号 36
2020-04-15 14:54:03.484: http://www.momxs.com/momx.asp?bid=48175&id=6661113 System.Net.WebException: 操作已超时。
   在 System.Net.ConnectStream.Read(Byte[] buffer, Int32 offset, Int32 size)
   在 System.IO.StreamReader.ReadBuffer(Char[] userBuffer, Int32 userOffset, Int32 desiredChars, Boolean& readToUserBuffer)
   在 System.IO.StreamReader.Read(Char[] buffer, Int32 index, Int32 count)
   在 网上抓书.HttpUtil.GetWebContent(String url, Encoding encoding) 位置 D:\CSharp\网上抓书\网上抓书\HttpUtil.cs:行号 36
2020-04-15 14:56:11.329: http://www.momxs.com/momx.asp?bid=11361&id=1196801 System.Net.WebException: 操作已超时。
   在 System.Net.ConnectStream.Read(Byte[] buffer, Int32 offset, Int32 size)
   在 System.IO.StreamReader.ReadBuffer(Char[] userBuffer, Int32 userOffset, Int32 desiredChars, Boolean& readToUserBuffer)
   在 System.IO.StreamReader.Read(Char[] buffer, Int32 index, Int32 count)
   在 网上抓书.HttpUtil.GetWebContent(String url, Encoding encoding) 位置 D:\CSharp\网上抓书\网上抓书\HttpUtil.cs:行号 36
2020-04-15 14:56:52.442: http://www.momxs.com/momxs.asp?id=1194499 System.Net.WebException: 操作已超时。
   在 System.Net.ConnectStream.Read(Byte[] buffer, Int32 offset, Int32 size)
   在 System.IO.StreamReader.ReadBuffer(Char[] userBuffer, Int32 userOffset, Int32 desiredChars, Boolean& readToUserBuffer)
   在 System.IO.StreamReader.Read(Char[] buffer, Int32 index, Int32 count)
   在 网上抓书.HttpUtil.GetWebContent(String url, Encoding encoding) 位置 D:\CSharp\网上抓书\网上抓书\HttpUtil.cs:行号 36
2020-04-15 14:59:34.586: http://www.momxs.com/momxs.asp?id=6661116 System.Net.WebException: 操作已超时。
   在 System.Net.ConnectStream.Read(Byte[] buffer, Int32 offset, Int32 size)
   在 System.IO.StreamReader.ReadBuffer(Char[] userBuffer, Int32 userOffset, Int32 desiredChars, Boolean& readToUserBuffer)
   在 System.IO.StreamReader.Read(Char[] buffer, Int32 index, Int32 count)
   在 网上抓书.HttpUtil.GetWebContent(String url, Encoding encoding) 位置 D:\CSharp\网上抓书\网上抓书\HttpUtil.cs:行号 36
2020-04-15 15:03:35.220: http://www.momxs.com/momx.asp?bid=14225&id=1512297 System.Net.WebException: 请求被中止: 操作超时。
   在 System.Net.HttpWebRequest.GetResponse()
   在 网上抓书.HttpUtil.GetWebContent(String url, Encoding encoding) 位置 D:\CSharp\网上抓书\网上抓书\HttpUtil.cs:行号 29
2020-04-15 15:04:53.662: http://www.momxs.com/momxs.asp?id=6661120 System.Net.WebException: 操作已超时。
   在 System.Net.ConnectStream.Read(Byte[] buffer, Int32 offset, Int32 size)
   在 System.IO.StreamReader.ReadBuffer(Char[] userBuffer, Int32 userOffset, Int32 desiredChars, Boolean& readToUserBuffer)
   在 System.IO.StreamReader.Read(Char[] buffer, Int32 index, Int32 count)
   在 网上抓书.HttpUtil.GetWebContent(String url, Encoding encoding) 位置 D:\CSharp\网上抓书\网上抓书\HttpUtil.cs:行号 36
2020-04-15 15:06:01.019: http://www.momxs.com/momx.asp?bid=48511&id=6850801 System.Net.WebException: 操作已超时。
   在 System.Net.ConnectStream.Read(Byte[] buffer, Int32 offset, Int32 size)
   在 System.IO.StreamReader.ReadBuffer(Char[] userBuffer, Int32 userOffset, Int32 desiredChars, Boolean& readToUserBuffer)
   在 System.IO.StreamReader.Read(Char[] buffer, Int32 index, Int32 count)
   在 网上抓书.HttpUtil.GetWebContent(String url, Encoding encoding) 位置 D:\CSharp\网上抓书\网上抓书\HttpUtil.cs:行号 36
2020-04-15 15:10:11.801: http://www.momxs.com/momx.asp?bid=48175&id=6661121 System.Net.WebException: 操作已超时。
   在 System.Net.ConnectStream.Read(Byte[] buffer, Int32 offset, Int32 size)
   在 System.IO.StreamReader.ReadBuffer(Char[] userBuffer, Int32 userOffset, Int32 desiredChars, Boolean& readToUserBuffer)
   在 System.IO.StreamReader.Read(Char[] buffer, Int32 index, Int32 count)
   在 网上抓书.HttpUtil.GetWebContent(String url, Encoding encoding) 位置 D:\CSharp\网上抓书\网上抓书\HttpUtil.cs:行号 36
2020-04-15 15:11:15.594: http://www.momxs.com/momxs.asp?id=1193036 System.Net.WebException: 操作已超时。
   在 System.Net.ConnectStream.Read(Byte[] buffer, Int32 offset, Int32 size)
   在 System.IO.StreamReader.ReadBuffer(Char[] userBuffer, Int32 userOffset, Int32 desiredChars, Boolean& readToUserBuffer)
   在 System.IO.StreamReader.Read(Char[] buffer, Int32 index, Int32 count)
   在 网上抓书.HttpUtil.GetWebContent(String url, Encoding encoding) 位置 D:\CSharp\网上抓书\网上抓书\HttpUtil.cs:行号 36
2020-04-15 15:16:52.682: http://www.momxs.com/momx.asp?bid=11343&id=1196344 System.Net.WebException: 操作已超时。
   在 System.Net.ConnectStream.Read(Byte[] buffer, Int32 offset, Int32 size)
   在 System.IO.StreamReader.ReadBuffer(Char[] userBuffer, Int32 userOffset, Int32 desiredChars, Boolean& readToUserBuffer)
   在 System.IO.StreamReader.Read(Char[] buffer, Int32 index, Int32 count)
   在 网上抓书.HttpUtil.GetWebContent(String url, Encoding encoding) 位置 D:\CSharp\网上抓书\网上抓书\HttpUtil.cs:行号 36
2020-04-15 15:19:57.748: http://www.momxs.com/momxs.asp?id=1503454 System.Net.WebException: 操作已超时。
   在 System.Net.ConnectStream.Read(Byte[] buffer, Int32 offset, Int32 size)
   在 System.IO.StreamReader.ReadBuffer(Char[] userBuffer, Int32 userOffset, Int32 desiredChars, Boolean& readToUserBuffer)
   在 System.IO.StreamReader.Read(Char[] buffer, Int32 index, Int32 count)
   在 网上抓书.HttpUtil.GetWebContent(String url, Encoding encoding) 位置 D:\CSharp\网上抓书\网上抓书\HttpUtil.cs:行号 36
2020-04-15 15:24:20.666: http://www.momxs.com/momx.asp?bid=11338&id=1196258 System.Net.WebException: 操作已超时。
   在 System.Net.ConnectStream.Read(Byte[] buffer, Int32 offset, Int32 size)
   在 System.IO.StreamReader.ReadBuffer(Char[] userBuffer, Int32 userOffset, Int32 desiredChars, Boolean& readToUserBuffer)
   在 System.IO.StreamReader.Read(Char[] buffer, Int32 index, Int32 count)
   在 网上抓书.HttpUtil.GetWebContent(String url, Encoding encoding) 位置 D:\CSharp\网上抓书\网上抓书\HttpUtil.cs:行号 36
2020-04-15 15:25:41.877: http://www.momxs.com/momx.asp?bid=13827&id=1503462 System.Net.WebException: 操作已超时。
   在 System.Net.ConnectStream.Read(Byte[] buffer, Int32 offset, Int32 size)
   在 System.IO.StreamReader.ReadBuffer(Char[] userBuffer, Int32 userOffset, Int32 desiredChars, Boolean& readToUserBuffer)
   在 System.IO.StreamReader.Read(Char[] buffer, Int32 index, Int32 count)
   在 网上抓书.HttpUtil.GetWebContent(String url, Encoding encoding) 位置 D:\CSharp\网上抓书\网上抓书\HttpUtil.cs:行号 36
2020-04-15 15:27:06.283: http://www.momxs.com/momx.asp?bid=13827&id=1503462 System.IO.IOException: 无法从传输连接中读取数据: 远程主机强迫关闭了一个现有的连接。。 ---> System.Net.Sockets.SocketException: 远程主机强迫关闭了一个现有的连接。
   在 System.Net.Sockets.Socket.Receive(Byte[] buffer, Int32 offset, Int32 size, SocketFlags socketFlags)
   在 System.Net.Sockets.NetworkStream.Read(Byte[] buffer, Int32 offset, Int32 size)
   --- 内部异常堆栈跟踪的结尾 ---
   在 System.Net.ConnectStream.Read(Byte[] buffer, Int32 offset, Int32 size)
   在 System.IO.StreamReader.ReadBuffer(Char[] userBuffer, Int32 userOffset, Int32 desiredChars, Boolean& readToUserBuffer)
   在 System.IO.StreamReader.Read(Char[] buffer, Int32 index, Int32 count)
   在 网上抓书.HttpUtil.GetWebContent(String url, Encoding encoding) 位置 D:\CSharp\网上抓书\网上抓书\HttpUtil.cs:行号 36
2020-04-15 15:28:23.834: http://www.momxs.com/momx.asp?bid=49240&id=7311772 System.Net.WebException: 操作已超时。
   在 System.Net.ConnectStream.Read(Byte[] buffer, Int32 offset, Int32 size)
   在 System.IO.StreamReader.ReadBuffer(Char[] userBuffer, Int32 userOffset, Int32 desiredChars, Boolean& readToUserBuffer)
   在 System.IO.StreamReader.Read(Char[] buffer, Int32 index, Int32 count)
   在 网上抓书.HttpUtil.GetWebContent(String url, Encoding encoding) 位置 D:\CSharp\网上抓书\网上抓书\HttpUtil.cs:行号 36
2020-04-15 15:30:18.813: http://www.momxs.com/momxs.asp?id=1196268 System.Net.WebException: 操作已超时。
   在 System.Net.ConnectStream.Read(Byte[] buffer, Int32 offset, Int32 size)
   在 System.IO.StreamReader.ReadBuffer(Char[] userBuffer, Int32 userOffset, Int32 desiredChars, Boolean& readToUserBuffer)
   在 System.IO.StreamReader.Read(Char[] buffer, Int32 index, Int32 count)
   在 网上抓书.HttpUtil.GetWebContent(String url, Encoding encoding) 位置 D:\CSharp\网上抓书\网上抓书\HttpUtil.cs:行号 36
2020-04-15 15:35:23.030: http://www.momxs.com/momxs.asp?id=1196268 System.Net.WebException: 操作已超时。
   在 System.Net.ConnectStream.Read(Byte[] buffer, Int32 offset, Int32 size)
   在 System.IO.StreamReader.ReadBuffer(Char[] userBuffer, Int32 userOffset, Int32 desiredChars, Boolean& readToUserBuffer)
   在 System.IO.StreamReader.Read(Char[] buffer, Int32 index, Int32 count)
   在 网上抓书.HttpUtil.GetWebContent(String url, Encoding encoding) 位置 D:\CSharp\网上抓书\网上抓书\HttpUtil.cs:行号 36
2020-04-15 15:46:37.906: http://www.momxs.com/momx.asp?bid=12811&id=1362678 System.Net.WebException: 请求被中止: 操作超时。
   在 System.Net.HttpWebRequest.GetResponse()
   在 网上抓书.HttpUtil.GetWebContent(String url, Encoding encoding) 位置 D:\CSharp\网上抓书\网上抓书\HttpUtil.cs:行号 29
2020-04-15 15:50:45.332: http://www.momxs.com/mom.asp?id=49038 System.Net.WebException: 操作已超时。
   在 System.Net.ConnectStream.Read(Byte[] buffer, Int32 offset, Int32 size)
   在 System.IO.StreamReader.ReadBuffer(Char[] userBuffer, Int32 userOffset, Int32 desiredChars, Boolean& readToUserBuffer)
   在 System.IO.StreamReader.Read(Char[] buffer, Int32 index, Int32 count)
   在 网上抓书.HttpUtil.GetWebContent(String url, Encoding encoding) 位置 D:\CSharp\网上抓书\网上抓书\HttpUtil.cs:行号 36
2020-04-15 15:51:41.783: http://www.momxs.com/momxs.asp?id=7311784 System.Net.WebException: 操作已超时。
   在 System.Net.ConnectStream.Read(Byte[] buffer, Int32 offset, Int32 size)
   在 System.IO.StreamReader.ReadBuffer(Char[] userBuffer, Int32 userOffset, Int32 desiredChars, Boolean& readToUserBuffer)
   在 System.IO.StreamReader.Read(Char[] buffer, Int32 index, Int32 count)
   在 网上抓书.HttpUtil.GetWebContent(String url, Encoding encoding) 位置 D:\CSharp\网上抓书\网上抓书\HttpUtil.cs:行号 36
2020-04-15 15:53:21.191: http://www.momxs.com/momxs.asp?id=1362695 System.Net.WebException: 操作已超时。
   在 System.Net.ConnectStream.Read(Byte[] buffer, Int32 offset, Int32 size)
   在 System.IO.StreamReader.ReadBuffer(Char[] userBuffer, Int32 userOffset, Int32 desiredChars, Boolean& readToUserBuffer)
   在 System.IO.StreamReader.Read(Char[] buffer, Int32 index, Int32 count)
   在 网上抓书.HttpUtil.GetWebContent(String url, Encoding encoding) 位置 D:\CSharp\网上抓书\网上抓书\HttpUtil.cs:行号 36
2020-04-15 15:53:51.218: http://www.momxs.com/momxs.asp?id=1362695 System.Net.WebException: 操作超时
   在 System.Net.HttpWebRequest.GetResponse()
   在 网上抓书.HttpUtil.GetWebContent(String url, Encoding encoding) 位置 D:\CSharp\网上抓书\网上抓书\HttpUtil.cs:行号 29
2020-04-15 15:55:54.233: http://www.momxs.com/mom.asp?id=49038 System.Net.WebException: 操作已超时。
   在 System.Net.ConnectStream.Read(Byte[] buffer, Int32 offset, Int32 size)
   在 System.IO.StreamReader.ReadBuffer(Char[] userBuffer, Int32 userOffset, Int32 desiredChars, Boolean& readToUserBuffer)
   在 System.IO.StreamReader.Read(Char[] buffer, Int32 index, Int32 count)
   在 网上抓书.HttpUtil.GetWebContent(String url, Encoding encoding) 位置 D:\CSharp\网上抓书\网上抓书\HttpUtil.cs:行号 36
2020-04-15 15:59:43.997: http://www.momxs.com/mom.asp?id=13392 System.Net.WebException: 操作已超时。
   在 System.Net.ConnectStream.Read(Byte[] buffer, Int32 offset, Int32 size)
   在 System.IO.StreamReader.ReadBuffer(Char[] userBuffer, Int32 userOffset, Int32 desiredChars, Boolean& readToUserBuffer)
   在 System.IO.StreamReader.Read(Char[] buffer, Int32 index, Int32 count)
   在 网上抓书.HttpUtil.GetWebContent(String url, Encoding encoding) 位置 D:\CSharp\网上抓书\网上抓书\HttpUtil.cs:行号 36
2020-04-15 16:00:04.218: http://www.momxs.com/momxs.asp?id=1432526 System.IO.IOException: 无法从传输连接中读取数据: 远程主机强迫关闭了一个现有的连接。。 ---> System.Net.Sockets.SocketException: 远程主机强迫关闭了一个现有的连接。
   在 System.Net.Sockets.Socket.Receive(Byte[] buffer, Int32 offset, Int32 size, SocketFlags socketFlags)
   在 System.Net.Sockets.NetworkStream.Read(Byte[] buffer, Int32 offset, Int32 size)
   --- 内部异常堆栈跟踪的结尾 ---
   在 System.Net.ConnectStream.Read(Byte[] buffer, Int32 offset, Int32 size)
   在 System.IO.StreamReader.ReadBuffer(Char[] userBuffer, Int32 userOffset, Int32 desiredChars, Boolean& readToUserBuffer)
   在 System.IO.StreamReader.Read(Char[] buffer, Int32 index, Int32 count)
   在 网上抓书.HttpUtil.GetWebContent(String url, Encoding encoding) 位置 D:\CSharp\网上抓书\网上抓书\HttpUtil.cs:行号 36
2020-04-15 16:00:04.645: http://www.momxs.com/momxs.asp?id=1432526 System.Net.WebException: 远程服务器返回错误: (503) 服务器不可用。
   在 System.Net.HttpWebRequest.GetResponse()
   在 网上抓书.HttpUtil.GetWebContent(String url, Encoding encoding) 位置 D:\CSharp\网上抓书\网上抓书\HttpUtil.cs:行号 29
2020-04-15 16:00:05.064: http://www.momxs.com/momxs.asp?id=1432526 System.Net.WebException: 远程服务器返回错误: (503) 服务器不可用。
   在 System.Net.HttpWebRequest.GetResponse()
   在 网上抓书.HttpUtil.GetWebContent(String url, Encoding encoding) 位置 D:\CSharp\网上抓书\网上抓书\HttpUtil.cs:行号 29
2020-04-15 16:00:05.467: http://www.momxs.com/momxs.asp?id=1432526 System.Net.WebException: 远程服务器返回错误: (503) 服务器不可用。
   在 System.Net.HttpWebRequest.GetResponse()
   在 网上抓书.HttpUtil.GetWebContent(String url, Encoding encoding) 位置 D:\CSharp\网上抓书\网上抓书\HttpUtil.cs:行号 29
2020-04-15 16:00:05.876: http://www.momxs.com/momxs.asp?id=1432526 System.Net.WebException: 远程服务器返回错误: (503) 服务器不可用。
   在 System.Net.HttpWebRequest.GetResponse()
   在 网上抓书.HttpUtil.GetWebContent(String url, Encoding encoding) 位置 D:\CSharp\网上抓书\网上抓书\HttpUtil.cs:行号 29
2020-04-15 16:00:35.903: http://www.momxs.com/momxs.asp?id=1432526 System.Net.WebException: 操作超时
   在 System.Net.HttpWebRequest.GetResponse()
   在 网上抓书.HttpUtil.GetWebContent(String url, Encoding encoding) 位置 D:\CSharp\网上抓书\网上抓书\HttpUtil.cs:行号 29
2020-04-15 16:01:09.359: http://www.momxs.com/momxs.asp?id=1509595 System.Net.WebException: 操作已超时。
   在 System.Net.ConnectStream.Read(Byte[] buffer, Int32 offset, Int32 size)
   在 System.IO.StreamReader.ReadBuffer(Char[] userBuffer, Int32 userOffset, Int32 desiredChars, Boolean& readToUserBuffer)
   在 System.IO.StreamReader.Read(Char[] buffer, Int32 index, Int32 count)
   在 网上抓书.HttpUtil.GetWebContent(String url, Encoding encoding) 位置 D:\CSharp\网上抓书\网上抓书\HttpUtil.cs:行号 36
2020-04-15 16:02:01.250: http://www.momxs.com/momxs.asp?id=7210969 System.Net.WebException: 操作已超时。
   在 System.Net.ConnectStream.Read(Byte[] buffer, Int32 offset, Int32 size)
   在 System.IO.StreamReader.ReadBuffer(Char[] userBuffer, Int32 userOffset, Int32 desiredChars, Boolean& readToUserBuffer)
   在 System.IO.StreamReader.Read(Char[] buffer, Int32 index, Int32 count)
   在 网上抓书.HttpUtil.GetWebContent(String url, Encoding encoding) 位置 D:\CSharp\网上抓书\网上抓书\HttpUtil.cs:行号 36
2020-04-15 16:06:14.468: http://www.momxs.com/momx.asp?bid=13392&id=1432537 System.Net.WebException: 操作已超时。
   在 System.Net.ConnectStream.Read(Byte[] buffer, Int32 offset, Int32 size)
   在 System.IO.StreamReader.ReadBuffer(Char[] userBuffer, Int32 userOffset, Int32 desiredChars, Boolean& readToUserBuffer)
   在 System.IO.StreamReader.Read(Char[] buffer, Int32 index, Int32 count)
   在 网上抓书.HttpUtil.GetWebContent(String url, Encoding encoding) 位置 D:\CSharp\网上抓书\网上抓书\HttpUtil.cs:行号 36
2020-04-15 16:07:08.521: http://www.momxs.com/momx.asp?bid=48232&id=6688945 System.Net.WebException: 操作已超时。
   在 System.Net.ConnectStream.Read(Byte[] buffer, Int32 offset, Int32 size)
   在 System.IO.StreamReader.ReadBuffer(Char[] userBuffer, Int32 userOffset, Int32 desiredChars, Boolean& readToUserBuffer)
   在 System.IO.StreamReader.Read(Char[] buffer, Int32 index, Int32 count)
   在 网上抓书.HttpUtil.GetWebContent(String url, Encoding encoding) 位置 D:\CSharp\网上抓书\网上抓书\HttpUtil.cs:行号 36
2020-04-15 16:07:16.311: http://www.momxs.com/momxs.asp?id=1432537 System.IO.IOException: 无法从传输连接中读取数据: 远程主机强迫关闭了一个现有的连接。。 ---> System.Net.Sockets.SocketException: 远程主机强迫关闭了一个现有的连接。
   在 System.Net.Sockets.Socket.Receive(Byte[] buffer, Int32 offset, Int32 size, SocketFlags socketFlags)
   在 System.Net.Sockets.NetworkStream.Read(Byte[] buffer, Int32 offset, Int32 size)
   --- 内部异常堆栈跟踪的结尾 ---
   在 System.Net.ConnectStream.Read(Byte[] buffer, Int32 offset, Int32 size)
   在 System.IO.StreamReader.ReadBuffer(Char[] userBuffer, Int32 userOffset, Int32 desiredChars, Boolean& readToUserBuffer)
   在 System.IO.StreamReader.Read(Char[] buffer, Int32 index, Int32 count)
   在 网上抓书.HttpUtil.GetWebContent(String url, Encoding encoding) 位置 D:\CSharp\网上抓书\网上抓书\HttpUtil.cs:行号 36
2020-04-15 16:08:21.569: http://www.momxs.com/momxs.asp?id=7210971 System.Net.WebException: 操作已超时。
   在 System.Net.ConnectStream.Read(Byte[] buffer, Int32 offset, Int32 size)
   在 System.IO.StreamReader.ReadBuffer(Char[] userBuffer, Int32 userOffset, Int32 desiredChars, Boolean& readToUserBuffer)
   在 System.IO.StreamReader.Read(Char[] buffer, Int32 index, Int32 count)
   在 网上抓书.HttpUtil.GetWebContent(String url, Encoding encoding) 位置 D:\CSharp\网上抓书\网上抓书\HttpUtil.cs:行号 36
2020-04-15 16:11:01.328: http://www.momxs.com/momx.asp?bid=14173&id=1511077 System.IO.IOException: 无法从传输连接中读取数据: 远程主机强迫关闭了一个现有的连接。。 ---> System.Net.Sockets.SocketException: 远程主机强迫关闭了一个现有的连接。
   在 System.Net.Sockets.Socket.Receive(Byte[] buffer, Int32 offset, Int32 size, SocketFlags socketFlags)
   在 System.Net.Sockets.NetworkStream.Read(Byte[] buffer, Int32 offset, Int32 size)
   --- 内部异常堆栈跟踪的结尾 ---
   在 System.Net.ConnectStream.Read(Byte[] buffer, Int32 offset, Int32 size)
   在 System.IO.StreamReader.ReadBuffer(Char[] userBuffer, Int32 userOffset, Int32 desiredChars, Boolean& readToUserBuffer)
   在 System.IO.StreamReader.Read(Char[] buffer, Int32 index, Int32 count)
   在 网上抓书.HttpUtil.GetWebContent(String url, Encoding encoding) 位置 D:\CSharp\网上抓书\网上抓书\HttpUtil.cs:行号 36
2020-04-15 16:14:26.090: http://www.momxs.com/momxs.asp?id=7210980 System.Net.WebException: 操作已超时。
   在 System.Net.ConnectStream.Read(Byte[] buffer, Int32 offset, Int32 size)
   在 System.IO.StreamReader.ReadBuffer(Char[] userBuffer, Int32 userOffset, Int32 desiredChars, Boolean& readToUserBuffer)
   在 System.IO.StreamReader.Read(Char[] buffer, Int32 index, Int32 count)
   在 网上抓书.HttpUtil.GetWebContent(String url, Encoding encoding) 位置 D:\CSharp\网上抓书\网上抓书\HttpUtil.cs:行号 36
2020-04-15 16:16:01.541: http://www.momxs.com/momx.asp?bid=14129&id=1509843 System.Net.WebException: 操作已超时。
   在 System.Net.ConnectStream.Read(Byte[] buffer, Int32 offset, Int32 size)
   在 System.IO.StreamReader.ReadBuffer(Char[] userBuffer, Int32 userOffset, Int32 desiredChars, Boolean& readToUserBuffer)
   在 System.IO.StreamReader.Read(Char[] buffer, Int32 index, Int32 count)
   在 网上抓书.HttpUtil.GetWebContent(String url, Encoding encoding) 位置 D:\CSharp\网上抓书\网上抓书\HttpUtil.cs:行号 36
2020-04-15 16:20:41.458: http://www.momxs.com/momxs.asp?id=7544876 System.Net.WebException: 操作已超时。
   在 System.Net.ConnectStream.Read(Byte[] buffer, Int32 offset, Int32 size)
   在 System.IO.StreamReader.ReadBuffer(Char[] userBuffer, Int32 userOffset, Int32 desiredChars, Boolean& readToUserBuffer)
   在 System.IO.StreamReader.Read(Char[] buffer, Int32 index, Int32 count)
   在 网上抓书.HttpUtil.GetWebContent(String url, Encoding encoding) 位置 D:\CSharp\网上抓书\网上抓书\HttpUtil.cs:行号 36
2020-04-15 16:21:27.779: http://www.momxs.com/momx.asp?bid=14129&id=1509844 System.Net.WebException: 操作已超时。
   在 System.Net.ConnectStream.Read(Byte[] buffer, Int32 offset, Int32 size)
   在 System.IO.StreamReader.ReadBuffer(Char[] userBuffer, Int32 userOffset, Int32 desiredChars, Boolean& readToUserBuffer)
   在 System.IO.StreamReader.Read(Char[] buffer, Int32 index, Int32 count)
   在 网上抓书.HttpUtil.GetWebContent(String url, Encoding encoding) 位置 D:\CSharp\网上抓书\网上抓书\HttpUtil.cs:行号 36
2020-04-15 16:22:25.989: http://www.momxs.com/momxs.asp?id=1195119 System.Net.WebException: 操作已超时。
   在 System.Net.ConnectStream.Read(Byte[] buffer, Int32 offset, Int32 size)
   在 System.IO.StreamReader.ReadBuffer(Char[] userBuffer, Int32 userOffset, Int32 desiredChars, Boolean& readToUserBuffer)
   在 System.IO.StreamReader.Read(Char[] buffer, Int32 index, Int32 count)
   在 网上抓书.HttpUtil.GetWebContent(String url, Encoding encoding) 位置 D:\CSharp\网上抓书\网上抓书\HttpUtil.cs:行号 36
2020-04-15 16:27:13.092: http://www.momxs.com/momxs.asp?id=7544882 System.Net.WebException: 操作已超时。
   在 System.Net.ConnectStream.Read(Byte[] buffer, Int32 offset, Int32 size)
   在 System.IO.StreamReader.ReadBuffer(Char[] userBuffer, Int32 userOffset, Int32 desiredChars, Boolean& readToUserBuffer)
   在 System.IO.StreamReader.Read(Char[] buffer, Int32 index, Int32 count)
   在 网上抓书.HttpUtil.GetWebContent(String url, Encoding encoding) 位置 D:\CSharp\网上抓书\网上抓书\HttpUtil.cs:行号 36
2020-04-15 16:27:42.530: http://www.momxs.com/momxs.asp?id=1509848 System.Net.WebException: 操作已超时。
   在 System.Net.ConnectStream.Read(Byte[] buffer, Int32 offset, Int32 size)
   在 System.IO.StreamReader.ReadBuffer(Char[] userBuffer, Int32 userOffset, Int32 desiredChars, Boolean& readToUserBuffer)
   在 System.IO.StreamReader.Read(Char[] buffer, Int32 index, Int32 count)
   在 网上抓书.HttpUtil.GetWebContent(String url, Encoding encoding) 位置 D:\CSharp\网上抓书\网上抓书\HttpUtil.cs:行号 36
2020-04-15 16:33:37.315: http://www.momxs.com/momxs.asp?id=7544898 System.Net.WebException: 操作已超时。
   在 System.Net.ConnectStream.Read(Byte[] buffer, Int32 offset, Int32 size)
   在 System.IO.StreamReader.ReadBuffer(Char[] userBuffer, Int32 userOffset, Int32 desiredChars, Boolean& readToUserBuffer)
   在 System.IO.StreamReader.Read(Char[] buffer, Int32 index, Int32 count)
   在 网上抓书.HttpUtil.GetWebContent(String url, Encoding encoding) 位置 D:\CSharp\网上抓书\网上抓书\HttpUtil.cs:行号 36
2020-04-15 16:36:40.530: http://www.momxs.com/momxs.asp?id=1524115 System.Net.WebException: 请求被中止: 操作超时。
   在 System.Net.HttpWebRequest.GetResponse()
   在 网上抓书.HttpUtil.GetWebContent(String url, Encoding encoding) 位置 D:\CSharp\网上抓书\网上抓书\HttpUtil.cs:行号 29
2020-04-15 16:39:12.938: http://www.momxs.com/momxs.asp?id=1191199 System.Net.WebException: 请求被中止: 操作超时。
   在 System.Net.HttpWebRequest.GetResponse()
   在 网上抓书.HttpUtil.GetWebContent(String url, Encoding encoding) 位置 D:\CSharp\网上抓书\网上抓书\HttpUtil.cs:行号 29
2020-04-15 16:45:38.940: http://www.momxs.com/momxs.asp?id=1503325 System.Net.WebException: 操作已超时。
   在 System.Net.ConnectStream.Read(Byte[] buffer, Int32 offset, Int32 size)
   在 System.IO.StreamReader.ReadBuffer(Char[] userBuffer, Int32 userOffset, Int32 desiredChars, Boolean& readToUserBuffer)
   在 System.IO.StreamReader.Read(Char[] buffer, Int32 index, Int32 count)
   在 网上抓书.HttpUtil.GetWebContent(String url, Encoding encoding) 位置 D:\CSharp\网上抓书\网上抓书\HttpUtil.cs:行号 36
2020-04-15 16:50:38.863: http://www.momxs.com/mom.asp?id=45978 System.Net.WebException: 操作已超时。
   在 System.Net.ConnectStream.Read(Byte[] buffer, Int32 offset, Int32 size)
   在 System.IO.StreamReader.ReadBuffer(Char[] userBuffer, Int32 userOffset, Int32 desiredChars, Boolean& readToUserBuffer)
   在 System.IO.StreamReader.Read(Char[] buffer, Int32 index, Int32 count)
   在 网上抓书.HttpUtil.GetWebContent(String url, Encoding encoding) 位置 D:\CSharp\网上抓书\网上抓书\HttpUtil.cs:行号 36
2020-04-15 16:51:30.282: http://www.momxs.com/momxs.asp?id=1503331 System.Net.WebException: 操作已超时。
   在 System.Net.ConnectStream.Read(Byte[] buffer, Int32 offset, Int32 size)
   在 System.IO.StreamReader.ReadBuffer(Char[] userBuffer, Int32 userOffset, Int32 desiredChars, Boolean& readToUserBuffer)
   在 System.IO.StreamReader.Read(Char[] buffer, Int32 index, Int32 count)
   在 网上抓书.HttpUtil.GetWebContent(String url, Encoding encoding) 位置 D:\CSharp\网上抓书\网上抓书\HttpUtil.cs:行号 36
2020-04-15 16:52:40.231: http://www.momxs.com/momxs.asp?id=1503337 System.Net.WebException: 请求被中止: 操作超时。
   在 System.Net.HttpWebRequest.GetResponse()
   在 网上抓书.HttpUtil.GetWebContent(String url, Encoding encoding) 位置 D:\CSharp\网上抓书\网上抓书\HttpUtil.cs:行号 29
2020-04-15 16:57:19.345: http://www.momxs.com/momxs.asp?id=5652323 System.Net.WebException: 操作已超时。
   在 System.Net.ConnectStream.Read(Byte[] buffer, Int32 offset, Int32 size)
   在 System.IO.StreamReader.ReadBuffer(Char[] userBuffer, Int32 userOffset, Int32 desiredChars, Boolean& readToUserBuffer)
   在 System.IO.StreamReader.Read(Char[] buffer, Int32 index, Int32 count)
   在 网上抓书.HttpUtil.GetWebContent(String url, Encoding encoding) 位置 D:\CSharp\网上抓书\网上抓书\HttpUtil.cs:行号 36
2020-04-15 16:58:31.326: http://www.momxs.com/momx.asp?bid=13845&id=1503877 System.Net.WebException: 操作已超时。
   在 System.Net.ConnectStream.Read(Byte[] buffer, Int32 offset, Int32 size)
   在 System.IO.StreamReader.ReadBuffer(Char[] userBuffer, Int32 userOffset, Int32 desiredChars, Boolean& readToUserBuffer)
   在 System.IO.StreamReader.Read(Char[] buffer, Int32 index, Int32 count)
   在 网上抓书.HttpUtil.GetWebContent(String url, Encoding encoding) 位置 D:\CSharp\网上抓书\网上抓书\HttpUtil.cs:行号 36
2020-04-15 16:59:23.527: http://www.momxs.com/momxs.asp?id=1508855 System.Net.WebException: 操作已超时。
   在 System.Net.ConnectStream.Read(Byte[] buffer, Int32 offset, Int32 size)
   在 System.IO.StreamReader.ReadBuffer(Char[] userBuffer, Int32 userOffset, Int32 desiredChars, Boolean& readToUserBuffer)
   在 System.IO.StreamReader.Read(Char[] buffer, Int32 index, Int32 count)
   在 网上抓书.HttpUtil.GetWebContent(String url, Encoding encoding) 位置 D:\CSharp\网上抓书\网上抓书\HttpUtil.cs:行号 36
2020-04-15 17:02:42.625: http://www.momxs.com/momxs.asp?id=5652325 System.Net.WebException: 操作已超时。
   在 System.Net.ConnectStream.Read(Byte[] buffer, Int32 offset, Int32 size)
   在 System.IO.StreamReader.ReadBuffer(Char[] userBuffer, Int32 userOffset, Int32 desiredChars, Boolean& readToUserBuffer)
   在 System.IO.StreamReader.Read(Char[] buffer, Int32 index, Int32 count)
   在 网上抓书.HttpUtil.GetWebContent(String url, Encoding encoding) 位置 D:\CSharp\网上抓书\网上抓书\HttpUtil.cs:行号 36
2020-04-15 17:05:11.618: http://www.momxs.com/momxs.asp?id=7381210 System.Net.WebException: 请求被中止: 操作超时。
   在 System.Net.HttpWebRequest.GetResponse()
   在 网上抓书.HttpUtil.GetWebContent(String url, Encoding encoding) 位置 D:\CSharp\网上抓书\网上抓书\HttpUtil.cs:行号 29
2020-04-15 17:06:11.482: http://www.momxs.com/momxs.asp?id=7381210 System.IO.IOException: 无法从传输连接中读取数据: 远程主机强迫关闭了一个现有的连接。。 ---> System.Net.Sockets.SocketException: 远程主机强迫关闭了一个现有的连接。
   在 System.Net.Sockets.Socket.Receive(Byte[] buffer, Int32 offset, Int32 size, SocketFlags socketFlags)
   在 System.Net.Sockets.NetworkStream.Read(Byte[] buffer, Int32 offset, Int32 size)
   --- 内部异常堆栈跟踪的结尾 ---
   在 System.Net.ConnectStream.Read(Byte[] buffer, Int32 offset, Int32 size)
   在 System.IO.StreamReader.ReadBuffer(Char[] userBuffer, Int32 userOffset, Int32 desiredChars, Boolean& readToUserBuffer)
   在 System.IO.StreamReader.Read(Char[] buffer, Int32 index, Int32 count)
   在 网上抓书.HttpUtil.GetWebContent(String url, Encoding encoding) 位置 D:\CSharp\网上抓书\网上抓书\HttpUtil.cs:行号 36
2020-04-15 17:11:37.901: http://www.momxs.com/momxs.asp?id=5652369 System.Net.WebException: 操作已超时。
   在 System.Net.ConnectStream.Read(Byte[] buffer, Int32 offset, Int32 size)
   在 System.IO.StreamReader.ReadBuffer(Char[] userBuffer, Int32 userOffset, Int32 desiredChars, Boolean& readToUserBuffer)
   在 System.IO.StreamReader.Read(Char[] buffer, Int32 index, Int32 count)
   在 网上抓书.HttpUtil.GetWebContent(String url, Encoding encoding) 位置 D:\CSharp\网上抓书\网上抓书\HttpUtil.cs:行号 36
2020-04-15 17:12:41.266: http://www.momxs.com/momx.asp?bid=11436&id=1198542 System.Net.WebException: 请求被中止: 操作超时。
   在 System.Net.HttpWebRequest.GetResponse()
   在 网上抓书.HttpUtil.GetWebContent(String url, Encoding encoding) 位置 D:\CSharp\网上抓书\网上抓书\HttpUtil.cs:行号 29
2020-04-15 17:13:02.282: http://www.momxs.com/momxs.asp?id=1198542 System.Net.WebException: 无法连接到远程服务器 ---> System.Net.Sockets.SocketException: 由于连接方在一段时间后没有正确答复或连接的主机没有反应，连接尝试失败。 204.12.213.162:80
   在 System.Net.Sockets.Socket.DoConnect(EndPoint endPointSnapshot, SocketAddress socketAddress)
   在 System.Net.ServicePoint.ConnectSocketInternal(Boolean connectFailure, Socket s4, Socket s6, Socket& socket, IPAddress& address, ConnectSocketState state, IAsyncResult asyncResult, Exception& exception)
   --- 内部异常堆栈跟踪的结尾 ---
   在 System.Net.HttpWebRequest.GetResponse()
   在 网上抓书.HttpUtil.GetWebContent(String url, Encoding encoding) 位置 D:\CSharp\网上抓书\网上抓书\HttpUtil.cs:行号 29
2020-04-15 17:13:18.485: http://www.momxs.com/mom.asp?id=11436 System.Net.WebException: 请求被中止: 操作超时。
   在 System.Net.HttpWebRequest.GetResponse()
   在 网上抓书.HttpUtil.GetWebContent(String url, Encoding encoding) 位置 D:\CSharp\网上抓书\网上抓书\HttpUtil.cs:行号 29
2020-04-15 17:13:23.291: http://www.momxs.com/momxs.asp?id=1198542 System.Net.WebException: 无法连接到远程服务器 ---> System.Net.Sockets.SocketException: 由于连接方在一段时间后没有正确答复或连接的主机没有反应，连接尝试失败。 204.12.213.162:80
   在 System.Net.Sockets.Socket.DoConnect(EndPoint endPointSnapshot, SocketAddress socketAddress)
   在 System.Net.ServicePoint.ConnectSocketInternal(Boolean connectFailure, Socket s4, Socket s6, Socket& socket, IPAddress& address, ConnectSocketState state, IAsyncResult asyncResult, Exception& exception)
   --- 内部异常堆栈跟踪的结尾 ---
   在 System.Net.HttpWebRequest.GetResponse()
   在 网上抓书.HttpUtil.GetWebContent(String url, Encoding encoding) 位置 D:\CSharp\网上抓书\网上抓书\HttpUtil.cs:行号 29
2020-04-15 17:14:26.783: http://www.momxs.com/momxs.asp?id=1263016 System.Net.WebException: 无法连接到远程服务器 ---> System.Net.Sockets.SocketException: 由于连接方在一段时间后没有正确答复或连接的主机没有反应，连接尝试失败。 204.12.213.162:80
   在 System.Net.Sockets.Socket.DoConnect(EndPoint endPointSnapshot, SocketAddress socketAddress)
   在 System.Net.ServicePoint.ConnectSocketInternal(Boolean connectFailure, Socket s4, Socket s6, Socket& socket, IPAddress& address, ConnectSocketState state, IAsyncResult asyncResult, Exception& exception)
   --- 内部异常堆栈跟踪的结尾 ---
   在 System.Net.HttpWebRequest.GetResponse()
   在 网上抓书.HttpUtil.GetWebContent(String url, Encoding encoding) 位置 D:\CSharp\网上抓书\网上抓书\HttpUtil.cs:行号 29
2020-04-15 17:14:50.409: http://www.momxs.com/momx.asp?bid=12307&id=1263018 System.Net.WebException: 无法连接到远程服务器 ---> System.Net.Sockets.SocketException: 由于连接方在一段时间后没有正确答复或连接的主机没有反应，连接尝试失败。 204.12.213.162:80
   在 System.Net.Sockets.Socket.DoConnect(EndPoint endPointSnapshot, SocketAddress socketAddress)
   在 System.Net.ServicePoint.ConnectSocketInternal(Boolean connectFailure, Socket s4, Socket s6, Socket& socket, IPAddress& address, ConnectSocketState state, IAsyncResult asyncResult, Exception& exception)
   --- 内部异常堆栈跟踪的结尾 ---
   在 System.Net.HttpWebRequest.GetResponse()
   在 网上抓书.HttpUtil.GetWebContent(String url, Encoding encoding) 位置 D:\CSharp\网上抓书\网上抓书\HttpUtil.cs:行号 29
2020-04-15 17:15:01.487: http://www.momxs.com/momxs.asp?id=7293248 System.Net.WebException: 操作已超时。
   在 System.Net.ConnectStream.Read(Byte[] buffer, Int32 offset, Int32 size)
   在 System.IO.StreamReader.ReadBuffer(Char[] userBuffer, Int32 userOffset, Int32 desiredChars, Boolean& readToUserBuffer)
   在 System.IO.StreamReader.Read(Char[] buffer, Int32 index, Int32 count)
   在 网上抓书.HttpUtil.GetWebContent(String url, Encoding encoding) 位置 D:\CSharp\网上抓书\网上抓书\HttpUtil.cs:行号 36
2020-04-15 17:15:13.200: http://www.momxs.com/momx.asp?bid=12307&id=1263019 System.Net.WebException: 无法连接到远程服务器 ---> System.Net.Sockets.SocketException: 由于连接方在一段时间后没有正确答复或连接的主机没有反应，连接尝试失败。 204.12.213.162:80
   在 System.Net.Sockets.Socket.DoConnect(EndPoint endPointSnapshot, SocketAddress socketAddress)
   在 System.Net.ServicePoint.ConnectSocketInternal(Boolean connectFailure, Socket s4, Socket s6, Socket& socket, IPAddress& address, ConnectSocketState state, IAsyncResult asyncResult, Exception& exception)
   --- 内部异常堆栈跟踪的结尾 ---
   在 System.Net.HttpWebRequest.GetResponse()
   在 网上抓书.HttpUtil.GetWebContent(String url, Encoding encoding) 位置 D:\CSharp\网上抓书\网上抓书\HttpUtil.cs:行号 29
2020-04-15 17:15:22.503: http://www.momxs.com/momxs.asp?id=7293248 System.Net.WebException: 无法连接到远程服务器 ---> System.Net.Sockets.SocketException: 由于连接方在一段时间后没有正确答复或连接的主机没有反应，连接尝试失败。 204.12.213.162:80
   在 System.Net.Sockets.Socket.DoConnect(EndPoint endPointSnapshot, SocketAddress socketAddress)
   在 System.Net.ServicePoint.ConnectSocketInternal(Boolean connectFailure, Socket s4, Socket s6, Socket& socket, IPAddress& address, ConnectSocketState state, IAsyncResult asyncResult, Exception& exception)
   --- 内部异常堆栈跟踪的结尾 ---
   在 System.Net.HttpWebRequest.GetResponse()
   在 网上抓书.HttpUtil.GetWebContent(String url, Encoding encoding) 位置 D:\CSharp\网上抓书\网上抓书\HttpUtil.cs:行号 29
2020-04-15 17:15:34.210: http://www.momxs.com/momxs.asp?id=1263019 System.Net.WebException: 无法连接到远程服务器 ---> System.Net.Sockets.SocketException: 由于连接方在一段时间后没有正确答复或连接的主机没有反应，连接尝试失败。 204.12.213.162:80
   在 System.Net.Sockets.Socket.DoConnect(EndPoint endPointSnapshot, SocketAddress socketAddress)
   在 System.Net.ServicePoint.ConnectSocketInternal(Boolean connectFailure, Socket s4, Socket s6, Socket& socket, IPAddress& address, ConnectSocketState state, IAsyncResult asyncResult, Exception& exception)
   --- 内部异常堆栈跟踪的结尾 ---
   在 System.Net.HttpWebRequest.GetResponse()
   在 网上抓书.HttpUtil.GetWebContent(String url, Encoding encoding) 位置 D:\CSharp\网上抓书\网上抓书\HttpUtil.cs:行号 29
2020-04-15 17:19:40.070: http://www.momxs.com/momx.asp?bid=48066&id=6606712 System.Net.WebException: 操作已超时。
   在 System.Net.ConnectStream.Read(Byte[] buffer, Int32 offset, Int32 size)
   在 System.IO.StreamReader.ReadBuffer(Char[] userBuffer, Int32 userOffset, Int32 desiredChars, Boolean& readToUserBuffer)
   在 System.IO.StreamReader.Read(Char[] buffer, Int32 index, Int32 count)
   在 网上抓书.HttpUtil.GetWebContent(String url, Encoding encoding) 位置 D:\CSharp\网上抓书\网上抓书\HttpUtil.cs:行号 36
2020-04-15 17:21:33.428: http://www.momxs.com/momxs.asp?id=7182395 System.Net.WebException: 请求被中止: 操作超时。
   在 System.Net.HttpWebRequest.GetResponse()
   在 网上抓书.HttpUtil.GetWebContent(String url, Encoding encoding) 位置 D:\CSharp\网上抓书\网上抓书\HttpUtil.cs:行号 29
2020-04-15 17:29:18.839: http://www.momxs.com/mom.asp?id=14218 System.Net.WebException: 操作已超时。
   在 System.Net.ConnectStream.Read(Byte[] buffer, Int32 offset, Int32 size)
   在 System.IO.StreamReader.ReadBuffer(Char[] userBuffer, Int32 userOffset, Int32 desiredChars, Boolean& readToUserBuffer)
   在 System.IO.StreamReader.Read(Char[] buffer, Int32 index, Int32 count)
   在 网上抓书.HttpUtil.GetWebContent(String url, Encoding encoding) 位置 D:\CSharp\网上抓书\网上抓书\HttpUtil.cs:行号 36
2020-04-15 17:34:01.456: http://www.momxs.com/momx.asp?bid=14111&id=1509459 System.Net.WebException: 操作已超时。
   在 System.Net.ConnectStream.Read(Byte[] buffer, Int32 offset, Int32 size)
   在 System.IO.StreamReader.ReadBuffer(Char[] userBuffer, Int32 userOffset, Int32 desiredChars, Boolean& readToUserBuffer)
   在 System.IO.StreamReader.Read(Char[] buffer, Int32 index, Int32 count)
   在 网上抓书.HttpUtil.GetWebContent(String url, Encoding encoding) 位置 D:\CSharp\网上抓书\网上抓书\HttpUtil.cs:行号 36
2020-04-15 17:36:22.915: http://www.momxs.com/momxs.asp?id=1512132 System.Net.WebException: 操作已超时。
   在 System.Net.ConnectStream.Read(Byte[] buffer, Int32 offset, Int32 size)
   在 System.IO.StreamReader.ReadBuffer(Char[] userBuffer, Int32 userOffset, Int32 desiredChars, Boolean& readToUserBuffer)
   在 System.IO.StreamReader.Read(Char[] buffer, Int32 index, Int32 count)
   在 网上抓书.HttpUtil.GetWebContent(String url, Encoding encoding) 位置 D:\CSharp\网上抓书\网上抓书\HttpUtil.cs:行号 36
2020-04-15 17:44:56.102: http://www.momxs.com/momxs.asp?id=1512168 System.Net.WebException: 操作已超时。
   在 System.Net.ConnectStream.Read(Byte[] buffer, Int32 offset, Int32 size)
   在 System.IO.StreamReader.ReadBuffer(Char[] userBuffer, Int32 userOffset, Int32 desiredChars, Boolean& readToUserBuffer)
   在 System.IO.StreamReader.Read(Char[] buffer, Int32 index, Int32 count)
   在 网上抓书.HttpUtil.GetWebContent(String url, Encoding encoding) 位置 D:\CSharp\网上抓书\网上抓书\HttpUtil.cs:行号 36
