2020-04-14 09:56:14.957: http://www.momxs.com/momxs.asp?id=1504932 System.Net.WebException: 操作已超时。
   在 System.Net.ConnectStream.Read(Byte[] buffer, Int32 offset, Int32 size)
   在 System.IO.StreamReader.ReadBuffer(Char[] userBuffer, Int32 userOffset, Int32 desiredChars, Boolean& readToUserBuffer)
   在 System.IO.StreamReader.Read(Char[] buffer, Int32 index, Int32 count)
   在 网上抓书.HttpUtil.GetWebContent(String url, Encoding encoding) 位置 D:\CSharp\网上抓书\网上抓书\HttpUtil.cs:行号 36
2020-04-14 09:59:00.432: http://www.momxs.com/mom.asp?id=14070 System.IO.IOException: 无法从传输连接中读取数据: 远程主机强迫关闭了一个现有的连接。。 ---> System.Net.Sockets.SocketException: 远程主机强迫关闭了一个现有的连接。
   在 System.Net.Sockets.Socket.Receive(Byte[] buffer, Int32 offset, Int32 size, SocketFlags socketFlags)
   在 System.Net.Sockets.NetworkStream.Read(Byte[] buffer, Int32 offset, Int32 size)
   --- 内部异常堆栈跟踪的结尾 ---
   在 System.Net.ConnectStream.Read(Byte[] buffer, Int32 offset, Int32 size)
   在 System.IO.StreamReader.ReadBuffer(Char[] userBuffer, Int32 userOffset, Int32 desiredChars, Boolean& readToUserBuffer)
   在 System.IO.StreamReader.Read(Char[] buffer, Int32 index, Int32 count)
   在 网上抓书.HttpUtil.GetWebContent(String url, Encoding encoding) 位置 D:\CSharp\网上抓书\网上抓书\HttpUtil.cs:行号 36
2020-04-14 09:59:44.250: http://www.momxs.com/momx.asp?bid=13598&id=1451012 System.Net.WebException: 操作已超时。
   在 System.Net.ConnectStream.Read(Byte[] buffer, Int32 offset, Int32 size)
   在 System.IO.StreamReader.ReadBuffer(Char[] userBuffer, Int32 userOffset, Int32 desiredChars, Boolean& readToUserBuffer)
   在 System.IO.StreamReader.Read(Char[] buffer, Int32 index, Int32 count)
   在 网上抓书.HttpUtil.GetWebContent(String url, Encoding encoding) 位置 D:\CSharp\网上抓书\网上抓书\HttpUtil.cs:行号 36
2020-04-14 10:01:32.389: http://www.momxs.com/momx.asp?bid=47884&id=6484193 System.Net.WebException: 操作已超时。
   在 System.Net.ConnectStream.Read(Byte[] buffer, Int32 offset, Int32 size)
   在 System.IO.StreamReader.ReadBuffer(Char[] userBuffer, Int32 userOffset, Int32 desiredChars, Boolean& readToUserBuffer)
   在 System.IO.StreamReader.Read(Char[] buffer, Int32 index, Int32 count)
   在 网上抓书.HttpUtil.GetWebContent(String url, Encoding encoding) 位置 D:\CSharp\网上抓书\网上抓书\HttpUtil.cs:行号 36
2020-04-14 10:06:40.288: http://www.momxs.com/momx.asp?bid=13598&id=1451019 System.Net.WebException: 操作已超时。
   在 System.Net.ConnectStream.Read(Byte[] buffer, Int32 offset, Int32 size)
   在 System.IO.StreamReader.ReadBuffer(Char[] userBuffer, Int32 userOffset, Int32 desiredChars, Boolean& readToUserBuffer)
   在 System.IO.StreamReader.Read(Char[] buffer, Int32 index, Int32 count)
   在 网上抓书.HttpUtil.GetWebContent(String url, Encoding encoding) 位置 D:\CSharp\网上抓书\网上抓书\HttpUtil.cs:行号 36
2020-04-14 10:24:07.775: http://www.momxs.com/mom.asp?id=14088 System.Net.WebException: 操作已超时。
   在 System.Net.ConnectStream.Read(Byte[] buffer, Int32 offset, Int32 size)
   在 System.IO.StreamReader.ReadBuffer(Char[] userBuffer, Int32 userOffset, Int32 desiredChars, Boolean& readToUserBuffer)
   在 System.IO.StreamReader.Read(Char[] buffer, Int32 index, Int32 count)
   在 网上抓书.HttpUtil.GetWebContent(String url, Encoding encoding) 位置 D:\CSharp\网上抓书\网上抓书\HttpUtil.cs:行号 36
2020-04-14 10:32:40.560: http://www.momxs.com/momxs.asp?id=7504822 System.Net.WebException: 操作已超时。
   在 System.Net.ConnectStream.Read(Byte[] buffer, Int32 offset, Int32 size)
   在 System.IO.StreamReader.ReadBuffer(Char[] userBuffer, Int32 userOffset, Int32 desiredChars, Boolean& readToUserBuffer)
   在 System.IO.StreamReader.Read(Char[] buffer, Int32 index, Int32 count)
   在 网上抓书.HttpUtil.GetWebContent(String url, Encoding encoding) 位置 D:\CSharp\网上抓书\网上抓书\HttpUtil.cs:行号 36
2020-04-14 10:37:08.910: http://www.momxs.com/momxs.asp?id=1510995 System.Net.WebException: 操作已超时。
   在 System.Net.ConnectStream.Read(Byte[] buffer, Int32 offset, Int32 size)
   在 System.IO.StreamReader.ReadBuffer(Char[] userBuffer, Int32 userOffset, Int32 desiredChars, Boolean& readToUserBuffer)
   在 System.IO.StreamReader.Read(Char[] buffer, Int32 index, Int32 count)
   在 网上抓书.HttpUtil.GetWebContent(String url, Encoding encoding) 位置 D:\CSharp\网上抓书\网上抓书\HttpUtil.cs:行号 36
2020-04-14 10:43:26.581: http://www.momxs.com/momx.asp?bid=14170&id=1511003 System.Net.WebException: 操作已超时。
   在 System.Net.ConnectStream.Read(Byte[] buffer, Int32 offset, Int32 size)
   在 System.IO.StreamReader.ReadBuffer(Char[] userBuffer, Int32 userOffset, Int32 desiredChars, Boolean& readToUserBuffer)
   在 System.IO.StreamReader.Read(Char[] buffer, Int32 index, Int32 count)
   在 网上抓书.HttpUtil.GetWebContent(String url, Encoding encoding) 位置 D:\CSharp\网上抓书\网上抓书\HttpUtil.cs:行号 36
2020-04-14 10:48:14.240: http://www.momxs.com/momx.asp?bid=48051&id=6603266 System.Net.WebException: 操作超时
   在 System.Net.HttpWebRequest.GetResponse()
   在 网上抓书.HttpUtil.GetWebContent(String url, Encoding encoding) 位置 D:\CSharp\网上抓书\网上抓书\HttpUtil.cs:行号 29
2020-04-14 10:52:58.600: http://www.momxs.com/momxs.asp?id=1194843 System.Net.WebException: 操作已超时。
   在 System.Net.ConnectStream.Read(Byte[] buffer, Int32 offset, Int32 size)
   在 System.IO.StreamReader.ReadBuffer(Char[] userBuffer, Int32 userOffset, Int32 desiredChars, Boolean& readToUserBuffer)
   在 System.IO.StreamReader.Read(Char[] buffer, Int32 index, Int32 count)
   在 网上抓书.HttpUtil.GetWebContent(String url, Encoding encoding) 位置 D:\CSharp\网上抓书\网上抓书\HttpUtil.cs:行号 36
2020-04-14 10:54:31.768: http://www.momxs.com/momxs.asp?id=6814556 System.Net.WebException: 请求被中止: 操作超时。
   在 System.Net.HttpWebRequest.GetResponse()
   在 网上抓书.HttpUtil.GetWebContent(String url, Encoding encoding) 位置 D:\CSharp\网上抓书\网上抓书\HttpUtil.cs:行号 29
2020-04-14 10:59:54.340: http://www.momxs.com/momx.asp?bid=13440&id=1434065 System.Net.WebException: 操作已超时。
   在 System.Net.ConnectStream.Read(Byte[] buffer, Int32 offset, Int32 size)
   在 System.IO.StreamReader.ReadBuffer(Char[] userBuffer, Int32 userOffset, Int32 desiredChars, Boolean& readToUserBuffer)
   在 System.IO.StreamReader.Read(Char[] buffer, Int32 index, Int32 count)
   在 网上抓书.HttpUtil.GetWebContent(String url, Encoding encoding) 位置 D:\CSharp\网上抓书\网上抓书\HttpUtil.cs:行号 36
2020-04-14 11:02:45.705: http://www.momxs.com/momx.asp?bid=48321&id=6747371 System.Net.WebException: 操作超时
   在 System.Net.HttpWebRequest.GetResponse()
   在 网上抓书.HttpUtil.GetWebContent(String url, Encoding encoding) 位置 D:\CSharp\网上抓书\网上抓书\HttpUtil.cs:行号 29
2020-04-14 11:12:37.639: http://www.momxs.com/momx.asp?bid=47961&id=6551045 System.Net.WebException: 操作已超时。
   在 System.Net.ConnectStream.Read(Byte[] buffer, Int32 offset, Int32 size)
   在 System.IO.StreamReader.ReadBuffer(Char[] userBuffer, Int32 userOffset, Int32 desiredChars, Boolean& readToUserBuffer)
   在 System.IO.StreamReader.Read(Char[] buffer, Int32 index, Int32 count)
   在 网上抓书.HttpUtil.GetWebContent(String url, Encoding encoding) 位置 D:\CSharp\网上抓书\网上抓书\HttpUtil.cs:行号 36
2020-04-14 11:23:23.192: http://www.momxs.com/momx.asp?bid=47961&id=6551045 System.Net.WebException: 操作已超时。
   在 System.Net.ConnectStream.Read(Byte[] buffer, Int32 offset, Int32 size)
   在 System.IO.StreamReader.ReadBuffer(Char[] userBuffer, Int32 userOffset, Int32 desiredChars, Boolean& readToUserBuffer)
   在 System.IO.StreamReader.Read(Char[] buffer, Int32 index, Int32 count)
   在 网上抓书.HttpUtil.GetWebContent(String url, Encoding encoding) 位置 D:\CSharp\网上抓书\网上抓书\HttpUtil.cs:行号 36
2020-04-14 11:24:13.900: http://www.momxs.com/momx.asp?bid=13828&id=1503484 System.Net.WebException: 操作已超时。
   在 System.Net.ConnectStream.Read(Byte[] buffer, Int32 offset, Int32 size)
   在 System.IO.StreamReader.ReadBuffer(Char[] userBuffer, Int32 userOffset, Int32 desiredChars, Boolean& readToUserBuffer)
   在 System.IO.StreamReader.Read(Char[] buffer, Int32 index, Int32 count)
   在 网上抓书.HttpUtil.GetWebContent(String url, Encoding encoding) 位置 D:\CSharp\网上抓书\网上抓书\HttpUtil.cs:行号 36
2020-04-14 11:31:28.894: http://www.momxs.com/mom.asp?id=12368 System.Net.WebException: 操作已超时。
   在 System.Net.ConnectStream.Read(Byte[] buffer, Int32 offset, Int32 size)
   在 System.IO.StreamReader.ReadBuffer(Char[] userBuffer, Int32 userOffset, Int32 desiredChars, Boolean& readToUserBuffer)
   在 System.IO.StreamReader.Read(Char[] buffer, Int32 index, Int32 count)
   在 网上抓书.HttpUtil.GetWebContent(String url, Encoding encoding) 位置 D:\CSharp\网上抓书\网上抓书\HttpUtil.cs:行号 36
2020-04-14 11:40:49.384: http://www.momxs.com/momx.asp?bid=14144&id=1510284 System.Net.WebException: 操作已超时。
   在 System.Net.ConnectStream.Read(Byte[] buffer, Int32 offset, Int32 size)
   在 System.IO.StreamReader.ReadBuffer(Char[] userBuffer, Int32 userOffset, Int32 desiredChars, Boolean& readToUserBuffer)
   在 System.IO.StreamReader.Read(Char[] buffer, Int32 index, Int32 count)
   在 网上抓书.HttpUtil.GetWebContent(String url, Encoding encoding) 位置 D:\CSharp\网上抓书\网上抓书\HttpUtil.cs:行号 36
2020-04-14 11:47:28.805: http://www.momxs.com/momx.asp?bid=48061&id=6605221 System.Net.WebException: 操作已超时。
   在 System.Net.ConnectStream.Read(Byte[] buffer, Int32 offset, Int32 size)
   在 System.IO.StreamReader.ReadBuffer(Char[] userBuffer, Int32 userOffset, Int32 desiredChars, Boolean& readToUserBuffer)
   在 System.IO.StreamReader.Read(Char[] buffer, Int32 index, Int32 count)
   在 网上抓书.HttpUtil.GetWebContent(String url, Encoding encoding) 位置 D:\CSharp\网上抓书\网上抓书\HttpUtil.cs:行号 36
2020-04-14 11:51:51.276: http://www.momxs.com/momx.asp?bid=43816&id=5280097 System.Net.WebException: 操作已超时。
   在 System.Net.ConnectStream.Read(Byte[] buffer, Int32 offset, Int32 size)
   在 System.IO.StreamReader.ReadBuffer(Char[] userBuffer, Int32 userOffset, Int32 desiredChars, Boolean& readToUserBuffer)
   在 System.IO.StreamReader.Read(Char[] buffer, Int32 index, Int32 count)
   在 网上抓书.HttpUtil.GetWebContent(String url, Encoding encoding) 位置 D:\CSharp\网上抓书\网上抓书\HttpUtil.cs:行号 36
2020-04-14 11:54:30.989: http://www.momxs.com/momx.asp?bid=14063&id=1508187 System.Net.WebException: 操作已超时。
   在 System.Net.ConnectStream.Read(Byte[] buffer, Int32 offset, Int32 size)
   在 System.IO.StreamReader.ReadBuffer(Char[] userBuffer, Int32 userOffset, Int32 desiredChars, Boolean& readToUserBuffer)
   在 System.IO.StreamReader.Read(Char[] buffer, Int32 index, Int32 count)
   在 网上抓书.HttpUtil.GetWebContent(String url, Encoding encoding) 位置 D:\CSharp\网上抓书\网上抓书\HttpUtil.cs:行号 36
2020-04-14 11:54:37.976: http://www.momxs.com/momx.asp?bid=48061&id=6605224 System.Net.WebException: 操作已超时。
   在 System.Net.ConnectStream.Read(Byte[] buffer, Int32 offset, Int32 size)
   在 System.IO.StreamReader.ReadBuffer(Char[] userBuffer, Int32 userOffset, Int32 desiredChars, Boolean& readToUserBuffer)
   在 System.IO.StreamReader.Read(Char[] buffer, Int32 index, Int32 count)
   在 网上抓书.HttpUtil.GetWebContent(String url, Encoding encoding) 位置 D:\CSharp\网上抓书\网上抓书\HttpUtil.cs:行号 36
2020-04-14 11:59:51.136: http://www.momxs.com/momxs.asp?id=1508187 System.Net.WebException: 操作已超时。
   在 System.Net.ConnectStream.Read(Byte[] buffer, Int32 offset, Int32 size)
   在 System.IO.StreamReader.ReadBuffer(Char[] userBuffer, Int32 userOffset, Int32 desiredChars, Boolean& readToUserBuffer)
   在 System.IO.StreamReader.Read(Char[] buffer, Int32 index, Int32 count)
   在 网上抓书.HttpUtil.GetWebContent(String url, Encoding encoding) 位置 D:\CSharp\网上抓书\网上抓书\HttpUtil.cs:行号 36
2020-04-14 12:00:00.746: http://www.momxs.com/mom.asp?id=14247 System.IO.IOException: 无法从传输连接中读取数据: 远程主机强迫关闭了一个现有的连接。。 ---> System.Net.Sockets.SocketException: 远程主机强迫关闭了一个现有的连接。
   在 System.Net.Sockets.Socket.Receive(Byte[] buffer, Int32 offset, Int32 size, SocketFlags socketFlags)
   在 System.Net.Sockets.NetworkStream.Read(Byte[] buffer, Int32 offset, Int32 size)
   --- 内部异常堆栈跟踪的结尾 ---
   在 System.Net.ConnectStream.Read(Byte[] buffer, Int32 offset, Int32 size)
   在 System.IO.StreamReader.ReadBuffer(Char[] userBuffer, Int32 userOffset, Int32 desiredChars, Boolean& readToUserBuffer)
   在 System.IO.StreamReader.Read(Char[] buffer, Int32 index, Int32 count)
   在 网上抓书.HttpUtil.GetWebContent(String url, Encoding encoding) 位置 D:\CSharp\网上抓书\网上抓书\HttpUtil.cs:行号 36
2020-04-14 12:01:10.613: http://www.momxs.com/momx.asp?bid=13993&id=1505598 System.Net.WebException: 操作已超时。
   在 System.Net.ConnectStream.Read(Byte[] buffer, Int32 offset, Int32 size)
   在 System.IO.StreamReader.ReadBuffer(Char[] userBuffer, Int32 userOffset, Int32 desiredChars, Boolean& readToUserBuffer)
   在 System.IO.StreamReader.Read(Char[] buffer, Int32 index, Int32 count)
   在 网上抓书.HttpUtil.GetWebContent(String url, Encoding encoding) 位置 D:\CSharp\网上抓书\网上抓书\HttpUtil.cs:行号 36
2020-04-14 12:06:03.682: http://www.momxs.com/mom.asp?id=13830 System.Net.WebException: 操作已超时。
   在 System.Net.ConnectStream.Read(Byte[] buffer, Int32 offset, Int32 size)
   在 System.IO.StreamReader.ReadBuffer(Char[] userBuffer, Int32 userOffset, Int32 desiredChars, Boolean& readToUserBuffer)
   在 System.IO.StreamReader.Read(Char[] buffer, Int32 index, Int32 count)
   在 网上抓书.HttpUtil.GetWebContent(String url, Encoding encoding) 位置 D:\CSharp\网上抓书\网上抓书\HttpUtil.cs:行号 36
2020-04-14 12:08:23.562: http://www.momxs.com/momxs.asp?id=1515576 System.Net.WebException: 操作已超时。
   在 System.Net.ConnectStream.Read(Byte[] buffer, Int32 offset, Int32 size)
   在 System.IO.StreamReader.ReadBuffer(Char[] userBuffer, Int32 userOffset, Int32 desiredChars, Boolean& readToUserBuffer)
   在 System.IO.StreamReader.Read(Char[] buffer, Int32 index, Int32 count)
   在 网上抓书.HttpUtil.GetWebContent(String url, Encoding encoding) 位置 D:\CSharp\网上抓书\网上抓书\HttpUtil.cs:行号 36
2020-04-14 12:26:06.395: http://www.momxs.com/mom.asp?id=13830 System.Net.WebException: 操作已超时。
   在 System.Net.ConnectStream.Read(Byte[] buffer, Int32 offset, Int32 size)
   在 System.IO.StreamReader.ReadBuffer(Char[] userBuffer, Int32 userOffset, Int32 desiredChars, Boolean& readToUserBuffer)
   在 System.IO.StreamReader.Read(Char[] buffer, Int32 index, Int32 count)
   在 网上抓书.HttpUtil.GetWebContent(String url, Encoding encoding) 位置 D:\CSharp\网上抓书\网上抓书\HttpUtil.cs:行号 36
2020-04-14 12:35:52.051: http://www.momxs.com/momxs.asp?id=1515851 System.Net.WebException: 操作已超时。
   在 System.Net.ConnectStream.Read(Byte[] buffer, Int32 offset, Int32 size)
   在 System.IO.StreamReader.ReadBuffer(Char[] userBuffer, Int32 userOffset, Int32 desiredChars, Boolean& readToUserBuffer)
   在 System.IO.StreamReader.Read(Char[] buffer, Int32 index, Int32 count)
   在 网上抓书.HttpUtil.GetWebContent(String url, Encoding encoding) 位置 D:\CSharp\网上抓书\网上抓书\HttpUtil.cs:行号 36
2020-04-14 12:37:16.875: http://www.momxs.com/momx.asp?bid=14247&id=1515859 System.Net.WebException: 请求被中止: 操作超时。
   在 System.Net.HttpWebRequest.GetResponse()
   在 网上抓书.HttpUtil.GetWebContent(String url, Encoding encoding) 位置 D:\CSharp\网上抓书\网上抓书\HttpUtil.cs:行号 29
2020-04-14 12:44:03.382: http://www.momxs.com/mom.asp?id=13996 System.Net.WebException: 操作已超时。
   在 System.Net.ConnectStream.Read(Byte[] buffer, Int32 offset, Int32 size)
   在 System.IO.StreamReader.ReadBuffer(Char[] userBuffer, Int32 userOffset, Int32 desiredChars, Boolean& readToUserBuffer)
   在 System.IO.StreamReader.Read(Char[] buffer, Int32 index, Int32 count)
   在 网上抓书.HttpUtil.GetWebContent(String url, Encoding encoding) 位置 D:\CSharp\网上抓书\网上抓书\HttpUtil.cs:行号 36
2020-04-14 12:44:47.440: http://www.momxs.com/momx.asp?bid=14247&id=1515872 System.Net.WebException: 操作已超时。
   在 System.Net.ConnectStream.Read(Byte[] buffer, Int32 offset, Int32 size)
   在 System.IO.StreamReader.ReadBuffer(Char[] userBuffer, Int32 userOffset, Int32 desiredChars, Boolean& readToUserBuffer)
   在 System.IO.StreamReader.Read(Char[] buffer, Int32 index, Int32 count)
   在 网上抓书.HttpUtil.GetWebContent(String url, Encoding encoding) 位置 D:\CSharp\网上抓书\网上抓书\HttpUtil.cs:行号 36
2020-04-14 12:52:35.917: http://www.momxs.com/momxs.asp?id=1515898 System.Net.WebException: 操作已超时。
   在 System.Net.ConnectStream.Read(Byte[] buffer, Int32 offset, Int32 size)
   在 System.IO.StreamReader.ReadBuffer(Char[] userBuffer, Int32 userOffset, Int32 desiredChars, Boolean& readToUserBuffer)
   在 System.IO.StreamReader.Read(Char[] buffer, Int32 index, Int32 count)
   在 网上抓书.HttpUtil.GetWebContent(String url, Encoding encoding) 位置 D:\CSharp\网上抓书\网上抓书\HttpUtil.cs:行号 36
2020-04-14 12:52:38.698: http://www.momxs.com/momx.asp?bid=11244&id=1194565 System.Net.WebException: 操作已超时。
   在 System.Net.ConnectStream.Read(Byte[] buffer, Int32 offset, Int32 size)
   在 System.IO.StreamReader.ReadBuffer(Char[] userBuffer, Int32 userOffset, Int32 desiredChars, Boolean& readToUserBuffer)
   在 System.IO.StreamReader.Read(Char[] buffer, Int32 index, Int32 count)
   在 网上抓书.HttpUtil.GetWebContent(String url, Encoding encoding) 位置 D:\CSharp\网上抓书\网上抓书\HttpUtil.cs:行号 36
2020-04-14 13:00:45.004: http://www.momxs.com/momx.asp?bid=11244&id=6973278 System.Net.WebException: 操作已超时。
   在 System.Net.ConnectStream.Read(Byte[] buffer, Int32 offset, Int32 size)
   在 System.IO.StreamReader.ReadBuffer(Char[] userBuffer, Int32 userOffset, Int32 desiredChars, Boolean& readToUserBuffer)
   在 System.IO.StreamReader.Read(Char[] buffer, Int32 index, Int32 count)
   在 网上抓书.HttpUtil.GetWebContent(String url, Encoding encoding) 位置 D:\CSharp\网上抓书\网上抓书\HttpUtil.cs:行号 36
2020-04-14 13:01:25.388: http://www.momxs.com/momxs.asp?id=1515926 System.Net.WebException: 操作已超时。
   在 System.Net.ConnectStream.Read(Byte[] buffer, Int32 offset, Int32 size)
   在 System.IO.StreamReader.ReadBuffer(Char[] userBuffer, Int32 userOffset, Int32 desiredChars, Boolean& readToUserBuffer)
   在 System.IO.StreamReader.Read(Char[] buffer, Int32 index, Int32 count)
   在 网上抓书.HttpUtil.GetWebContent(String url, Encoding encoding) 位置 D:\CSharp\网上抓书\网上抓书\HttpUtil.cs:行号 36
2020-04-14 13:36:08.683: http://www.momxs.com/momx.asp?bid=14247&id=1515930 System.Net.WebException: 操作已超时。
   在 System.Net.ConnectStream.Read(Byte[] buffer, Int32 offset, Int32 size)
   在 System.IO.StreamReader.ReadBuffer(Char[] userBuffer, Int32 userOffset, Int32 desiredChars, Boolean& readToUserBuffer)
   在 System.IO.StreamReader.Read(Char[] buffer, Int32 index, Int32 count)
   在 网上抓书.HttpUtil.GetWebContent(String url, Encoding encoding) 位置 D:\CSharp\网上抓书\网上抓书\HttpUtil.cs:行号 36
2020-04-14 13:40:11.127: http://www.momxs.com/momxs.asp?id=6973278 System.Net.WebException: 操作已超时。
   在 System.Net.ConnectStream.Read(Byte[] buffer, Int32 offset, Int32 size)
   在 System.IO.StreamReader.ReadBuffer(Char[] userBuffer, Int32 userOffset, Int32 desiredChars, Boolean& readToUserBuffer)
   在 System.IO.StreamReader.Read(Char[] buffer, Int32 index, Int32 count)
   在 网上抓书.HttpUtil.GetWebContent(String url, Encoding encoding) 位置 D:\CSharp\网上抓书\网上抓书\HttpUtil.cs:行号 36
2020-04-14 13:49:10.885: http://www.momxs.com/momxs.asp?id=1515969 System.Net.WebException: 操作已超时。
   在 System.Net.ConnectStream.Read(Byte[] buffer, Int32 offset, Int32 size)
   在 System.IO.StreamReader.ReadBuffer(Char[] userBuffer, Int32 userOffset, Int32 desiredChars, Boolean& readToUserBuffer)
   在 System.IO.StreamReader.Read(Char[] buffer, Int32 index, Int32 count)
   在 网上抓书.HttpUtil.GetWebContent(String url, Encoding encoding) 位置 D:\CSharp\网上抓书\网上抓书\HttpUtil.cs:行号 36
2020-04-14 13:58:10.789: http://www.momxs.com/momxs.asp?id=1515987 System.Net.WebException: 操作已超时。
   在 System.Net.ConnectStream.Read(Byte[] buffer, Int32 offset, Int32 size)
   在 System.IO.StreamReader.ReadBuffer(Char[] userBuffer, Int32 userOffset, Int32 desiredChars, Boolean& readToUserBuffer)
   在 System.IO.StreamReader.Read(Char[] buffer, Int32 index, Int32 count)
   在 网上抓书.HttpUtil.GetWebContent(String url, Encoding encoding) 位置 D:\CSharp\网上抓书\网上抓书\HttpUtil.cs:行号 36
2020-04-14 14:09:59.275: http://www.momxs.com/momxs.asp?id=1515991 System.Net.WebException: 操作已超时。
   在 System.Net.ConnectStream.Read(Byte[] buffer, Int32 offset, Int32 size)
   在 System.IO.StreamReader.ReadBuffer(Char[] userBuffer, Int32 userOffset, Int32 desiredChars, Boolean& readToUserBuffer)
   在 System.IO.StreamReader.Read(Char[] buffer, Int32 index, Int32 count)
   在 网上抓书.HttpUtil.GetWebContent(String url, Encoding encoding) 位置 D:\CSharp\网上抓书\网上抓书\HttpUtil.cs:行号 36
2020-04-14 14:18:41.972: http://www.momxs.com/momxs.asp?id=1515996 System.Net.WebException: 操作已超时。
   在 System.Net.ConnectStream.Read(Byte[] buffer, Int32 offset, Int32 size)
   在 System.IO.StreamReader.ReadBuffer(Char[] userBuffer, Int32 userOffset, Int32 desiredChars, Boolean& readToUserBuffer)
   在 System.IO.StreamReader.Read(Char[] buffer, Int32 index, Int32 count)
   在 网上抓书.HttpUtil.GetWebContent(String url, Encoding encoding) 位置 D:\CSharp\网上抓书\网上抓书\HttpUtil.cs:行号 36
2020-04-14 14:35:38.150: http://www.momxs.com/momxs.asp?id=1516013 System.Net.WebException: 操作已超时。
   在 System.Net.ConnectStream.Read(Byte[] buffer, Int32 offset, Int32 size)
   在 System.IO.StreamReader.ReadBuffer(Char[] userBuffer, Int32 userOffset, Int32 desiredChars, Boolean& readToUserBuffer)
   在 System.IO.StreamReader.Read(Char[] buffer, Int32 index, Int32 count)
   在 网上抓书.HttpUtil.GetWebContent(String url, Encoding encoding) 位置 D:\CSharp\网上抓书\网上抓书\HttpUtil.cs:行号 36
2020-04-14 14:42:12.690: http://www.momxs.com/momx.asp?bid=14247&id=1516019 System.Net.WebException: 请求被中止: 操作超时。
   在 System.Net.HttpWebRequest.GetResponse()
   在 网上抓书.HttpUtil.GetWebContent(String url, Encoding encoding) 位置 D:\CSharp\网上抓书\网上抓书\HttpUtil.cs:行号 29
2020-04-14 15:14:48.638: http://www.momxs.com/mom.asp?id=14247 System.Net.WebException: 操作已超时。
   在 System.Net.ConnectStream.Read(Byte[] buffer, Int32 offset, Int32 size)
   在 System.IO.StreamReader.ReadBuffer(Char[] userBuffer, Int32 userOffset, Int32 desiredChars, Boolean& readToUserBuffer)
   在 System.IO.StreamReader.Read(Char[] buffer, Int32 index, Int32 count)
   在 网上抓书.HttpUtil.GetWebContent(String url, Encoding encoding) 位置 D:\CSharp\网上抓书\网上抓书\HttpUtil.cs:行号 36
2020-04-14 15:20:02.614: http://www.momxs.com/mom.asp?id=14247 System.Net.WebException: 操作已超时。
   在 System.Net.ConnectStream.Read(Byte[] buffer, Int32 offset, Int32 size)
   在 System.IO.StreamReader.ReadBuffer(Char[] userBuffer, Int32 userOffset, Int32 desiredChars, Boolean& readToUserBuffer)
   在 System.IO.StreamReader.Read(Char[] buffer, Int32 index, Int32 count)
   在 网上抓书.HttpUtil.GetWebContent(String url, Encoding encoding) 位置 D:\CSharp\网上抓书\网上抓书\HttpUtil.cs:行号 36
2020-04-14 15:30:27.033: http://www.momxs.com/momxs.asp?id=1515582 System.Net.WebException: 操作已超时。
   在 System.Net.ConnectStream.Read(Byte[] buffer, Int32 offset, Int32 size)
   在 System.IO.StreamReader.ReadBuffer(Char[] userBuffer, Int32 userOffset, Int32 desiredChars, Boolean& readToUserBuffer)
   在 System.IO.StreamReader.Read(Char[] buffer, Int32 index, Int32 count)
   在 网上抓书.HttpUtil.GetWebContent(String url, Encoding encoding) 位置 D:\CSharp\网上抓书\网上抓书\HttpUtil.cs:行号 36
2020-04-14 15:39:13.802: http://www.momxs.com/momxs.asp?id=1515620 System.Net.WebException: 操作已超时。
   在 System.Net.ConnectStream.Read(Byte[] buffer, Int32 offset, Int32 size)
   在 System.IO.StreamReader.ReadBuffer(Char[] userBuffer, Int32 userOffset, Int32 desiredChars, Boolean& readToUserBuffer)
   在 System.IO.StreamReader.Read(Char[] buffer, Int32 index, Int32 count)
   在 网上抓书.HttpUtil.GetWebContent(String url, Encoding encoding) 位置 D:\CSharp\网上抓书\网上抓书\HttpUtil.cs:行号 36
2020-04-14 15:45:15.903: http://www.momxs.com/momxs.asp?id=1515628 System.Net.WebException: 操作已超时。
   在 System.Net.ConnectStream.Read(Byte[] buffer, Int32 offset, Int32 size)
   在 System.IO.StreamReader.ReadBuffer(Char[] userBuffer, Int32 userOffset, Int32 desiredChars, Boolean& readToUserBuffer)
   在 System.IO.StreamReader.Read(Char[] buffer, Int32 index, Int32 count)
   在 网上抓书.HttpUtil.GetWebContent(String url, Encoding encoding) 位置 D:\CSharp\网上抓书\网上抓书\HttpUtil.cs:行号 36
2020-04-14 15:50:40.463: http://www.momxs.com/momxs.asp?id=1515628 System.Net.WebException: 操作已超时。
   在 System.Net.ConnectStream.Read(Byte[] buffer, Int32 offset, Int32 size)
   在 System.IO.StreamReader.ReadBuffer(Char[] userBuffer, Int32 userOffset, Int32 desiredChars, Boolean& readToUserBuffer)
   在 System.IO.StreamReader.Read(Char[] buffer, Int32 index, Int32 count)
   在 网上抓书.HttpUtil.GetWebContent(String url, Encoding encoding) 位置 D:\CSharp\网上抓书\网上抓书\HttpUtil.cs:行号 36
2020-04-14 15:52:04.583: http://www.momxs.com/momxs.asp?id=1515636 System.Net.WebException: 请求被中止: 操作超时。
   在 System.Net.HttpWebRequest.GetResponse()
   在 网上抓书.HttpUtil.GetWebContent(String url, Encoding encoding) 位置 D:\CSharp\网上抓书\网上抓书\HttpUtil.cs:行号 29
2020-04-14 16:04:30.160: http://www.momxs.com/momxs.asp?id=1515784 System.Net.WebException: 操作已超时。
   在 System.Net.ConnectStream.Read(Byte[] buffer, Int32 offset, Int32 size)
   在 System.IO.StreamReader.ReadBuffer(Char[] userBuffer, Int32 userOffset, Int32 desiredChars, Boolean& readToUserBuffer)
   在 System.IO.StreamReader.Read(Char[] buffer, Int32 index, Int32 count)
   在 网上抓书.HttpUtil.GetWebContent(String url, Encoding encoding) 位置 D:\CSharp\网上抓书\网上抓书\HttpUtil.cs:行号 36
2020-04-14 16:11:19.005: http://www.momxs.com/momx.asp?bid=14247&id=1515804 System.Net.WebException: 操作已超时。
   在 System.Net.ConnectStream.Read(Byte[] buffer, Int32 offset, Int32 size)
   在 System.IO.StreamReader.ReadBuffer(Char[] userBuffer, Int32 userOffset, Int32 desiredChars, Boolean& readToUserBuffer)
   在 System.IO.StreamReader.Read(Char[] buffer, Int32 index, Int32 count)
   在 网上抓书.HttpUtil.GetWebContent(String url, Encoding encoding) 位置 D:\CSharp\网上抓书\网上抓书\HttpUtil.cs:行号 36
2020-04-14 16:16:29.194: http://www.momxs.com/momxs.asp?id=1515804 System.Net.WebException: 操作已超时。
   在 System.Net.ConnectStream.Read(Byte[] buffer, Int32 offset, Int32 size)
   在 System.IO.StreamReader.ReadBuffer(Char[] userBuffer, Int32 userOffset, Int32 desiredChars, Boolean& readToUserBuffer)
   在 System.IO.StreamReader.Read(Char[] buffer, Int32 index, Int32 count)
   在 网上抓书.HttpUtil.GetWebContent(String url, Encoding encoding) 位置 D:\CSharp\网上抓书\网上抓书\HttpUtil.cs:行号 36
2020-04-14 16:21:51.286: http://www.momxs.com/momxs.asp?id=1515806 System.Net.WebException: 操作已超时。
   在 System.Net.ConnectStream.Read(Byte[] buffer, Int32 offset, Int32 size)
   在 System.IO.StreamReader.ReadBuffer(Char[] userBuffer, Int32 userOffset, Int32 desiredChars, Boolean& readToUserBuffer)
   在 System.IO.StreamReader.Read(Char[] buffer, Int32 index, Int32 count)
   在 网上抓书.HttpUtil.GetWebContent(String url, Encoding encoding) 位置 D:\CSharp\网上抓书\网上抓书\HttpUtil.cs:行号 36
2020-04-14 16:29:08.382: http://www.momxs.com/momx.asp?bid=14247&id=1515822 System.Net.WebException: 操作已超时。
   在 System.Net.ConnectStream.Read(Byte[] buffer, Int32 offset, Int32 size)
   在 System.IO.StreamReader.ReadBuffer(Char[] userBuffer, Int32 userOffset, Int32 desiredChars, Boolean& readToUserBuffer)
   在 System.IO.StreamReader.Read(Char[] buffer, Int32 index, Int32 count)
   在 网上抓书.HttpUtil.GetWebContent(String url, Encoding encoding) 位置 D:\CSharp\网上抓书\网上抓书\HttpUtil.cs:行号 36
2020-04-14 16:34:10.677: http://www.momxs.com/momx.asp?bid=14247&id=1515822 System.Net.WebException: 操作已超时。
   在 System.Net.ConnectStream.Read(Byte[] buffer, Int32 offset, Int32 size)
   在 System.IO.StreamReader.ReadBuffer(Char[] userBuffer, Int32 userOffset, Int32 desiredChars, Boolean& readToUserBuffer)
   在 System.IO.StreamReader.Read(Char[] buffer, Int32 index, Int32 count)
   在 网上抓书.HttpUtil.GetWebContent(String url, Encoding encoding) 位置 D:\CSharp\网上抓书\网上抓书\HttpUtil.cs:行号 36
2020-04-14 16:43:30.986: http://www.momxs.com/momxs.asp?id=1515862 System.Net.WebException: 操作已超时。
   在 System.Net.ConnectStream.Read(Byte[] buffer, Int32 offset, Int32 size)
   在 System.IO.StreamReader.ReadBuffer(Char[] userBuffer, Int32 userOffset, Int32 desiredChars, Boolean& readToUserBuffer)
   在 System.IO.StreamReader.Read(Char[] buffer, Int32 index, Int32 count)
   在 网上抓书.HttpUtil.GetWebContent(String url, Encoding encoding) 位置 D:\CSharp\网上抓书\网上抓书\HttpUtil.cs:行号 36
2020-04-14 17:06:11.707: http://www.momxs.com/momx.asp?bid=48165&id=6656084 System.IO.IOException: 无法从传输连接中读取数据: 远程主机强迫关闭了一个现有的连接。。 ---> System.Net.Sockets.SocketException: 远程主机强迫关闭了一个现有的连接。
   在 System.Net.Sockets.Socket.Receive(Byte[] buffer, Int32 offset, Int32 size, SocketFlags socketFlags)
   在 System.Net.Sockets.NetworkStream.Read(Byte[] buffer, Int32 offset, Int32 size)
   --- 内部异常堆栈跟踪的结尾 ---
   在 System.Net.ConnectStream.Read(Byte[] buffer, Int32 offset, Int32 size)
   在 System.IO.StreamReader.ReadBuffer(Char[] userBuffer, Int32 userOffset, Int32 desiredChars, Boolean& readToUserBuffer)
   在 System.IO.StreamReader.Read(Char[] buffer, Int32 index, Int32 count)
   在 网上抓书.HttpUtil.GetWebContent(String url, Encoding encoding) 位置 D:\CSharp\网上抓书\网上抓书\HttpUtil.cs:行号 36
